[ 2017-07-21T22:55:54+08:00 ] 127.0.0.1 /
INFO: [ app_init ] --START--
INFO: Run Behavior\BuildLiteBehavior [ RunTime:0.000102s ]
INFO: [ app_init ] --END-- [ RunTime:0.001261s ]
INFO: [ app_begin ] --START--
INFO: Run Behavior\ReadHtmlCacheBehavior [ RunTime:0.000873s ]
INFO: [ app_begin ] --END-- [ RunTime:0.001275s ]
INFO: [ view_parse ] --START--
INFO: [ template_filter ] --START--
INFO: Run Behavior\ContentReplaceBehavior [ RunTime:0.000238s ]
INFO: [ template_filter ] --END-- [ RunTime:0.000766s ]
INFO: Run Behavior\ParseTemplateBehavior [ RunTime:0.051777s ]
INFO: [ view_parse ] --END-- [ RunTime:0.052196s ]
INFO: [ view_filter ] --START--
INFO: Run Behavior\WriteHtmlCacheBehavior [ RunTime:0.000510s ]
INFO: [ view_filter ] --END-- [ RunTime:0.000866s ]
INFO: [ app_end ] --START--
INFO: Run Behavior\ShowPageTraceBehavior [ RunTime:0.001144s ]
INFO: [ app_end ] --END-- [ RunTime:0.001672s ]

[ 2017-07-21T22:55:54+08:00 ] 127.0.0.1 /favicon.ico
INFO: [ app_init ] --START--
INFO: Run Behavior\BuildLiteBehavior [ RunTime:0.000097s ]
INFO: [ app_init ] --END-- [ RunTime:0.000838s ]
INFO: [ app_begin ] --START--
INFO: Run Behavior\ReadHtmlCacheBehavior [ RunTime:0.000548s ]
INFO: [ app_begin ] --END-- [ RunTime:0.000940s ]
INFO: [ view_parse ] --START--
INFO: [ template_filter ] --START--
INFO: Run Behavior\ContentReplaceBehavior [ RunTime:0.000194s ]
INFO: [ template_filter ] --END-- [ RunTime:0.000599s ]
INFO: Run Behavior\ParseTemplateBehavior [ RunTime:0.009613s ]
INFO: [ view_parse ] --END-- [ RunTime:0.010013s ]
INFO: [ view_filter ] --START--
INFO: Run Behavior\WriteHtmlCacheBehavior [ RunTime:0.000309s ]
INFO: [ view_filter ] --END-- [ RunTime:0.000667s ]
INFO: [ app_end ] --START--
INFO: Run Behavior\ShowPageTraceBehavior [ RunTime:0.000530s ]
INFO: [ app_end ] --END-- [ RunTime:0.000892s ]

[ 2017-07-21T22:56:03+08:00 ] 127.0.0.1 /
INFO: [ app_init ] --START--
INFO: Run Behavior\BuildLiteBehavior [ RunTime:0.000119s ]
INFO: [ app_init ] --END-- [ RunTime:0.000804s ]
INFO: [ app_begin ] --START--
INFO: Run Behavior\ReadHtmlCacheBehavior [ RunTime:0.000449s ]
INFO: [ app_begin ] --END-- [ RunTime:0.000830s ]
SQL: SHOW COLUMNS FROM `cs_admin` [ RunTime:0.0868s ]
SQL: SELECT * FROM `cs_admin` WHERE `username` = 'admin' LIMIT 1   [ RunTime:0.0004s ]
SQL: SHOW COLUMNS FROM `cs_permission_list` [ RunTime:0.0184s ]
SQL: SELECT `permissions` FROM `cs_permission_list`  [ RunTime:0.0003s ]
SQL: UPDATE `cs_admin` SET `last_login_time`='2017-07-21 22:56:03',`last_login_ip`='127.0.0.1' WHERE `username` = 'admin' [ RunTime:0.0654s ]

[ 2017-07-21T22:56:04+08:00 ] 127.0.0.1 /index.php?m=Admin&c=Index&a=index
INFO: [ app_init ] --START--
INFO: Run Behavior\BuildLiteBehavior [ RunTime:0.000133s ]
INFO: [ app_init ] --END-- [ RunTime:0.000769s ]
INFO: [ app_begin ] --START--
INFO: Run Behavior\ReadHtmlCacheBehavior [ RunTime:0.000493s ]
INFO: [ app_begin ] --END-- [ RunTime:0.000872s ]
INFO: [ view_parse ] --START--
INFO: [ template_filter ] --START--
INFO: Run Behavior\ContentReplaceBehavior [ RunTime:0.000183s ]
INFO: [ template_filter ] --END-- [ RunTime:0.000574s ]
INFO: Run Behavior\ParseTemplateBehavior [ RunTime:0.009028s ]
INFO: [ view_parse ] --END-- [ RunTime:0.009422s ]
INFO: [ view_filter ] --START--
INFO: Run Behavior\WriteHtmlCacheBehavior [ RunTime:0.000292s ]
INFO: [ view_filter ] --END-- [ RunTime:0.000662s ]
INFO: [ app_end ] --START--
INFO: Run Behavior\ShowPageTraceBehavior [ RunTime:0.000511s ]
INFO: [ app_end ] --END-- [ RunTime:0.000877s ]

[ 2017-07-21T22:56:04+08:00 ] 127.0.0.1 /index.php?m=Admin&c=Index&a=top
INFO: [ app_init ] --START--
INFO: Run Behavior\BuildLiteBehavior [ RunTime:0.000102s ]
INFO: [ app_init ] --END-- [ RunTime:0.000790s ]
INFO: [ app_begin ] --START--
INFO: Run Behavior\ReadHtmlCacheBehavior [ RunTime:0.000794s ]
INFO: [ app_begin ] --END-- [ RunTime:0.001999s ]
SQL: SHOW COLUMNS FROM `cs_admin` [ RunTime:0.0008s ]
SQL: SELECT `headimg` FROM `cs_admin` WHERE `username` = 'admin' LIMIT 1   [ RunTime:0.0004s ]
INFO: [ view_parse ] --START--
INFO: [ template_filter ] --START--
INFO: Run Behavior\ContentReplaceBehavior [ RunTime:0.000195s ]
INFO: [ template_filter ] --END-- [ RunTime:0.000681s ]
INFO: Run Behavior\ParseTemplateBehavior [ RunTime:0.012881s ]
INFO: [ view_parse ] --END-- [ RunTime:0.013390s ]
INFO: [ view_filter ] --START--
INFO: Run Behavior\WriteHtmlCacheBehavior [ RunTime:0.000388s ]
INFO: [ view_filter ] --END-- [ RunTime:0.000754s ]
INFO: [ app_end ] --START--
INFO: Run Behavior\ShowPageTraceBehavior [ RunTime:0.000912s ]
INFO: [ app_end ] --END-- [ RunTime:0.001554s ]

[ 2017-07-21T22:56:04+08:00 ] 127.0.0.1 /index.php?m=Admin&c=Index&a=left
INFO: [ app_init ] --START--
INFO: Run Behavior\BuildLiteBehavior [ RunTime:0.000102s ]
INFO: [ app_init ] --END-- [ RunTime:0.000902s ]
INFO: [ app_begin ] --START--
INFO: Run Behavior\ReadHtmlCacheBehavior [ RunTime:0.001221s ]
INFO: [ app_begin ] --END-- [ RunTime:0.002010s ]
INFO: [ view_parse ] --START--
INFO: [ template_filter ] --START--
INFO: Run Behavior\ContentReplaceBehavior [ RunTime:0.000344s ]
INFO: [ template_filter ] --END-- [ RunTime:0.000855s ]
INFO: Run Behavior\ParseTemplateBehavior [ RunTime:0.025492s ]
INFO: [ view_parse ] --END-- [ RunTime:0.026048s ]
INFO: [ view_filter ] --START--
INFO: Run Behavior\WriteHtmlCacheBehavior [ RunTime:0.000359s ]
INFO: [ view_filter ] --END-- [ RunTime:0.000769s ]
INFO: [ app_end ] --START--
INFO: Run Behavior\ShowPageTraceBehavior [ RunTime:0.000665s ]
INFO: [ app_end ] --END-- [ RunTime:0.001194s ]

[ 2017-07-21T22:56:04+08:00 ] 127.0.0.1 /index.php?m=Admin&c=Index&a=main
INFO: [ app_init ] --START--
INFO: Run Behavior\BuildLiteBehavior [ RunTime:0.000165s ]
INFO: [ app_init ] --END-- [ RunTime:0.001209s ]
INFO: [ app_begin ] --START--
INFO: Run Behavior\ReadHtmlCacheBehavior [ RunTime:0.000697s ]
INFO: [ app_begin ] --END-- [ RunTime:0.001189s ]
INFO: [ view_parse ] --START--
INFO: [ template_filter ] --START--
INFO: Run Behavior\ContentReplaceBehavior [ RunTime:0.000292s ]
INFO: [ template_filter ] --END-- [ RunTime:0.001000s ]
INFO: Run Behavior\ParseTemplateBehavior [ RunTime:0.012694s ]
INFO: [ view_parse ] --END-- [ RunTime:0.013379s ]
INFO: [ view_filter ] --START--
INFO: Run Behavior\WriteHtmlCacheBehavior [ RunTime:0.000515s ]
INFO: [ view_filter ] --END-- [ RunTime:0.001168s ]
INFO: [ app_end ] --START--
INFO: Run Behavior\ShowPageTraceBehavior [ RunTime:0.001101s ]
INFO: [ app_end ] --END-- [ RunTime:0.002035s ]

[ 2017-07-21T22:56:04+08:00 ] 127.0.0.1 /favicon.ico
INFO: [ app_init ] --START--
INFO: Run Behavior\BuildLiteBehavior [ RunTime:0.000094s ]
INFO: [ app_init ] --END-- [ RunTime:0.000701s ]
INFO: [ app_begin ] --START--
INFO: Run Behavior\ReadHtmlCacheBehavior [ RunTime:0.000585s ]
INFO: [ app_begin ] --END-- [ RunTime:0.001006s ]
INFO: [ view_parse ] --START--
INFO: [ template_filter ] --START--
INFO: Run Behavior\ContentReplaceBehavior [ RunTime:0.000190s ]
INFO: [ template_filter ] --END-- [ RunTime:0.000583s ]
INFO: Run Behavior\ParseTemplateBehavior [ RunTime:0.008880s ]
INFO: [ view_parse ] --END-- [ RunTime:0.009264s ]
INFO: [ view_filter ] --START--
INFO: Run Behavior\WriteHtmlCacheBehavior [ RunTime:0.000285s ]
INFO: [ view_filter ] --END-- [ RunTime:0.000640s ]
INFO: [ app_end ] --START--
INFO: Run Behavior\ShowPageTraceBehavior [ RunTime:0.000504s ]
INFO: [ app_end ] --END-- [ RunTime:0.000891s ]

[ 2017-07-21T22:56:09+08:00 ] 127.0.0.1 /index.php?m=Admin&c=Customer&a=evaluate
INFO: [ app_init ] --START--
INFO: Run Behavior\BuildLiteBehavior [ RunTime:0.000184s ]
INFO: [ app_init ] --END-- [ RunTime:0.001309s ]
INFO: [ app_begin ] --START--
INFO: Run Behavior\ReadHtmlCacheBehavior [ RunTime:0.000710s ]
INFO: [ app_begin ] --END-- [ RunTime:0.001291s ]
INFO: [ view_parse ] --START--
INFO: [ template_filter ] --START--
INFO: Run Behavior\ContentReplaceBehavior [ RunTime:0.000189s ]
INFO: [ template_filter ] --END-- [ RunTime:0.000580s ]
INFO: Run Behavior\ParseTemplateBehavior [ RunTime:0.047088s ]
INFO: [ view_parse ] --END-- [ RunTime:0.047587s ]
INFO: [ view_filter ] --START--
INFO: Run Behavior\WriteHtmlCacheBehavior [ RunTime:0.000285s ]
INFO: [ view_filter ] --END-- [ RunTime:0.000647s ]
INFO: [ app_end ] --START--
INFO: Run Behavior\ShowPageTraceBehavior [ RunTime:0.000644s ]
INFO: [ app_end ] --END-- [ RunTime:0.001020s ]

[ 2017-07-21T23:05:01+08:00 ] 127.0.0.1 /index.php?m=Admin&c=Index&a=index
INFO: [ app_init ] --START--
INFO: Run Behavior\BuildLiteBehavior [ RunTime:0.000104s ]
INFO: [ app_init ] --END-- [ RunTime:0.000798s ]
INFO: [ app_begin ] --START--
INFO: Run Behavior\ReadHtmlCacheBehavior [ RunTime:0.000567s ]
INFO: [ app_begin ] --END-- [ RunTime:0.000968s ]
INFO: [ view_parse ] --START--
INFO: [ template_filter ] --START--
INFO: Run Behavior\ContentReplaceBehavior [ RunTime:0.000191s ]
INFO: [ template_filter ] --END-- [ RunTime:0.000616s ]
INFO: Run Behavior\ParseTemplateBehavior [ RunTime:0.009792s ]
INFO: [ view_parse ] --END-- [ RunTime:0.010174s ]
INFO: [ view_filter ] --START--
INFO: Run Behavior\WriteHtmlCacheBehavior [ RunTime:0.000327s ]
INFO: [ view_filter ] --END-- [ RunTime:0.000743s ]
INFO: [ app_end ] --START--
INFO: Run Behavior\ShowPageTraceBehavior [ RunTime:0.000552s ]
INFO: [ app_end ] --END-- [ RunTime:0.000957s ]

[ 2017-07-21T23:05:01+08:00 ] 127.0.0.1 /index.php?m=Admin&c=Index&a=top
INFO: [ app_init ] --START--
INFO: Run Behavior\BuildLiteBehavior [ RunTime:0.000162s ]
INFO: [ app_init ] --END-- [ RunTime:0.001282s ]
INFO: [ app_begin ] --START--
INFO: Run Behavior\ReadHtmlCacheBehavior [ RunTime:0.002143s ]
INFO: [ app_begin ] --END-- [ RunTime:0.003570s ]
SQL: SHOW COLUMNS FROM `cs_admin` [ RunTime:0.0009s ]
SQL: SELECT `headimg` FROM `cs_admin` WHERE `username` = 'admin' LIMIT 1   [ RunTime:0.0011s ]
INFO: [ view_parse ] --START--
INFO: [ template_filter ] --START--
INFO: Run Behavior\ContentReplaceBehavior [ RunTime:0.000188s ]
INFO: [ template_filter ] --END-- [ RunTime:0.000576s ]
INFO: Run Behavior\ParseTemplateBehavior [ RunTime:0.009862s ]
INFO: [ view_parse ] --END-- [ RunTime:0.010650s ]
INFO: [ view_filter ] --START--
INFO: Run Behavior\WriteHtmlCacheBehavior [ RunTime:0.000561s ]
INFO: [ view_filter ] --END-- [ RunTime:0.001262s ]
INFO: [ app_end ] --START--
INFO: Run Behavior\ShowPageTraceBehavior [ RunTime:0.000907s ]
INFO: [ app_end ] --END-- [ RunTime:0.001451s ]

[ 2017-07-21T23:05:01+08:00 ] 127.0.0.1 /index.php?m=Admin&c=Index&a=left
INFO: [ app_init ] --START--
INFO: Run Behavior\BuildLiteBehavior [ RunTime:0.000201s ]
INFO: [ app_init ] --END-- [ RunTime:0.001811s ]
INFO: [ app_begin ] --START--
INFO: Run Behavior\ReadHtmlCacheBehavior [ RunTime:0.001861s ]
INFO: [ app_begin ] --END-- [ RunTime:0.002706s ]
INFO: [ view_parse ] --START--
INFO: [ template_filter ] --START--
INFO: Run Behavior\ContentReplaceBehavior [ RunTime:0.000330s ]
INFO: [ template_filter ] --END-- [ RunTime:0.001970s ]
INFO: Run Behavior\ParseTemplateBehavior [ RunTime:0.024889s ]
INFO: [ view_parse ] --END-- [ RunTime:0.025540s ]
INFO: [ view_filter ] --START--
INFO: Run Behavior\WriteHtmlCacheBehavior [ RunTime:0.000625s ]
INFO: [ view_filter ] --END-- [ RunTime:0.001350s ]
INFO: [ app_end ] --START--
INFO: Run Behavior\ShowPageTraceBehavior [ RunTime:0.001193s ]
INFO: [ app_end ] --END-- [ RunTime:0.001936s ]

[ 2017-07-21T23:05:01+08:00 ] 127.0.0.1 /index.php?m=Admin&c=Index&a=main
INFO: [ app_init ] --START--
INFO: Run Behavior\BuildLiteBehavior [ RunTime:0.000161s ]
INFO: [ app_init ] --END-- [ RunTime:0.001301s ]
INFO: [ app_begin ] --START--
INFO: Run Behavior\ReadHtmlCacheBehavior [ RunTime:0.000641s ]
INFO: [ app_begin ] --END-- [ RunTime:0.001193s ]
INFO: [ view_parse ] --START--
INFO: [ template_filter ] --START--
INFO: Run Behavior\ContentReplaceBehavior [ RunTime:0.000320s ]
INFO: [ template_filter ] --END-- [ RunTime:0.000993s ]
INFO: Run Behavior\ParseTemplateBehavior [ RunTime:0.011112s ]
INFO: [ view_parse ] --END-- [ RunTime:0.011733s ]
INFO: [ view_filter ] --START--
INFO: Run Behavior\WriteHtmlCacheBehavior [ RunTime:0.000830s ]
INFO: [ view_filter ] --END-- [ RunTime:0.001594s ]
INFO: [ app_end ] --START--
INFO: Run Behavior\ShowPageTraceBehavior [ RunTime:0.001058s ]
INFO: [ app_end ] --END-- [ RunTime:0.001717s ]

[ 2017-07-21T23:05:01+08:00 ] 127.0.0.1 /favicon.ico
INFO: [ app_init ] --START--
INFO: Run Behavior\BuildLiteBehavior [ RunTime:0.000189s ]
INFO: [ app_init ] --END-- [ RunTime:0.001521s ]
INFO: [ app_begin ] --START--
INFO: Run Behavior\ReadHtmlCacheBehavior [ RunTime:0.001691s ]
INFO: [ app_begin ] --END-- [ RunTime:0.002444s ]
INFO: [ view_parse ] --START--
INFO: [ template_filter ] --START--
INFO: Run Behavior\ContentReplaceBehavior [ RunTime:0.000326s ]
INFO: [ template_filter ] --END-- [ RunTime:0.001086s ]
INFO: Run Behavior\ParseTemplateBehavior [ RunTime:0.011072s ]
INFO: [ view_parse ] --END-- [ RunTime:0.011488s ]
INFO: [ view_filter ] --START--
INFO: Run Behavior\WriteHtmlCacheBehavior [ RunTime:0.000362s ]
INFO: [ view_filter ] --END-- [ RunTime:0.000723s ]
INFO: [ app_end ] --START--
INFO: Run Behavior\ShowPageTraceBehavior [ RunTime:0.000544s ]
INFO: [ app_end ] --END-- [ RunTime:0.000909s ]

[ 2017-07-21T23:05:04+08:00 ] 127.0.0.1 /index.php?m=Admin&c=Customer&a=evaluate
INFO: [ app_init ] --START--
INFO: Run Behavior\BuildLiteBehavior [ RunTime:0.000096s ]
INFO: [ app_init ] --END-- [ RunTime:0.000745s ]
INFO: [ app_begin ] --START--
INFO: Run Behavior\ReadHtmlCacheBehavior [ RunTime:0.000508s ]
INFO: [ app_begin ] --END-- [ RunTime:0.000891s ]
INFO: [ view_parse ] --START--
INFO: [ template_filter ] --START--
INFO: Run Behavior\ContentReplaceBehavior [ RunTime:0.000185s ]
INFO: [ template_filter ] --END-- [ RunTime:0.000566s ]
INFO: Run Behavior\ParseTemplateBehavior [ RunTime:0.007199s ]
INFO: [ view_parse ] --END-- [ RunTime:0.007579s ]
INFO: [ view_filter ] --START--
INFO: Run Behavior\WriteHtmlCacheBehavior [ RunTime:0.000279s ]
INFO: [ view_filter ] --END-- [ RunTime:0.000641s ]
INFO: [ app_end ] --START--
INFO: Run Behavior\ShowPageTraceBehavior [ RunTime:0.000498s ]
INFO: [ app_end ] --END-- [ RunTime:0.000864s ]

[ 2017-07-21T23:05:15+08:00 ] 127.0.0.1 /index.php?m=Admin&c=Customer&a=yanzhengma&phone=13758216497
INFO: [ app_init ] --START--
INFO: Run Behavior\BuildLiteBehavior [ RunTime:0.000101s ]
INFO: [ app_init ] --END-- [ RunTime:0.000842s ]
INFO: [ app_begin ] --START--
INFO: Run Behavior\ReadHtmlCacheBehavior [ RunTime:0.000599s ]
INFO: [ app_begin ] --END-- [ RunTime:0.000939s ]
INFO: [ app_end ] --START--
INFO: Run Behavior\ShowPageTraceBehavior [ RunTime:0.000674s ]
INFO: [ app_end ] --END-- [ RunTime:0.001061s ]

[ 2017-07-21T23:12:40+08:00 ] 127.0.0.1 /index.php?m=Admin&c=Index&a=index
INFO: [ app_init ] --START--
INFO: Run Behavior\BuildLiteBehavior [ RunTime:0.000152s ]
INFO: [ app_init ] --END-- [ RunTime:0.001107s ]
INFO: [ app_begin ] --START--
INFO: Run Behavior\ReadHtmlCacheBehavior [ RunTime:0.000543s ]
INFO: [ app_begin ] --END-- [ RunTime:0.001012s ]
INFO: [ view_parse ] --START--
INFO: [ template_filter ] --START--
INFO: Run Behavior\ContentReplaceBehavior [ RunTime:0.000310s ]
INFO: [ template_filter ] --END-- [ RunTime:0.000976s ]
INFO: Run Behavior\ParseTemplateBehavior [ RunTime:0.014128s ]
INFO: [ view_parse ] --END-- [ RunTime:0.014803s ]
INFO: [ view_filter ] --START--
INFO: Run Behavior\WriteHtmlCacheBehavior [ RunTime:0.000407s ]
INFO: [ view_filter ] --END-- [ RunTime:0.000973s ]
INFO: [ app_end ] --START--
INFO: Run Behavior\ShowPageTraceBehavior [ RunTime:0.000820s ]
INFO: [ app_end ] --END-- [ RunTime:0.001229s ]

[ 2017-07-21T23:12:40+08:00 ] 127.0.0.1 /index.php?m=Admin&c=Index&a=left
INFO: [ app_init ] --START--
INFO: Run Behavior\BuildLiteBehavior [ RunTime:0.000115s ]
INFO: [ app_init ] --END-- [ RunTime:0.001229s ]
INFO: [ app_begin ] --START--
INFO: Run Behavior\ReadHtmlCacheBehavior [ RunTime:0.000959s ]
INFO: [ app_begin ] --END-- [ RunTime:0.001587s ]
INFO: [ view_parse ] --START--
INFO: [ template_filter ] --START--
INFO: Run Behavior\ContentReplaceBehavior [ RunTime:0.000222s ]
INFO: [ template_filter ] --END-- [ RunTime:0.000617s ]
INFO: Run Behavior\ParseTemplateBehavior [ RunTime:0.015852s ]
INFO: [ view_parse ] --END-- [ RunTime:0.016602s ]
INFO: [ view_filter ] --START--
INFO: Run Behavior\WriteHtmlCacheBehavior [ RunTime:0.000578s ]
INFO: [ view_filter ] --END-- [ RunTime:0.001247s ]
INFO: [ app_end ] --START--
INFO: Run Behavior\ShowPageTraceBehavior [ RunTime:0.000647s ]
INFO: [ app_end ] --END-- [ RunTime:0.001090s ]

[ 2017-07-21T23:12:40+08:00 ] 127.0.0.1 /index.php?m=Admin&c=Index&a=top
INFO: [ app_init ] --START--
INFO: Run Behavior\BuildLiteBehavior [ RunTime:0.000211s ]
INFO: [ app_init ] --END-- [ RunTime:0.001597s ]
INFO: [ app_begin ] --START--
INFO: Run Behavior\ReadHtmlCacheBehavior [ RunTime:0.001005s ]
INFO: [ app_begin ] --END-- [ RunTime:0.001714s ]
SQL: SHOW COLUMNS FROM `cs_admin` [ RunTime:0.0028s ]
SQL: SELECT `headimg` FROM `cs_admin` WHERE `username` = 'admin' LIMIT 1   [ RunTime:0.0004s ]
INFO: [ view_parse ] --START--
INFO: [ template_filter ] --START--
INFO: Run Behavior\ContentReplaceBehavior [ RunTime:0.000206s ]
INFO: [ template_filter ] --END-- [ RunTime:0.000640s ]
INFO: Run Behavior\ParseTemplateBehavior [ RunTime:0.013788s ]
INFO: [ view_parse ] --END-- [ RunTime:0.014337s ]
INFO: [ view_filter ] --START--
INFO: Run Behavior\WriteHtmlCacheBehavior [ RunTime:0.000444s ]
INFO: [ view_filter ] --END-- [ RunTime:0.000973s ]
INFO: [ app_end ] --START--
INFO: Run Behavior\ShowPageTraceBehavior [ RunTime:0.000611s ]
INFO: [ app_end ] --END-- [ RunTime:0.001084s ]

[ 2017-07-21T23:12:40+08:00 ] 127.0.0.1 /index.php?m=Admin&c=Index&a=main
INFO: [ app_init ] --START--
INFO: Run Behavior\BuildLiteBehavior [ RunTime:0.000188s ]
INFO: [ app_init ] --END-- [ RunTime:0.001583s ]
INFO: [ app_begin ] --START--
INFO: Run Behavior\ReadHtmlCacheBehavior [ RunTime:0.000749s ]
INFO: [ app_begin ] --END-- [ RunTime:0.001182s ]
INFO: [ view_parse ] --START--
INFO: [ template_filter ] --START--
INFO: Run Behavior\ContentReplaceBehavior [ RunTime:0.000192s ]
INFO: [ template_filter ] --END-- [ RunTime:0.000593s ]
INFO: Run Behavior\ParseTemplateBehavior [ RunTime:0.011055s ]
INFO: [ view_parse ] --END-- [ RunTime:0.011687s ]
INFO: [ view_filter ] --START--
INFO: Run Behavior\WriteHtmlCacheBehavior [ RunTime:0.000320s ]
INFO: [ view_filter ] --END-- [ RunTime:0.000755s ]
INFO: [ app_end ] --START--
INFO: Run Behavior\ShowPageTraceBehavior [ RunTime:0.001001s ]
INFO: [ app_end ] --END-- [ RunTime:0.001650s ]

[ 2017-07-21T23:12:40+08:00 ] 127.0.0.1 /favicon.ico
INFO: [ app_init ] --START--
INFO: Run Behavior\BuildLiteBehavior [ RunTime:0.000113s ]
INFO: [ app_init ] --END-- [ RunTime:0.001053s ]
INFO: [ app_begin ] --START--
INFO: Run Behavior\ReadHtmlCacheBehavior [ RunTime:0.000514s ]
INFO: [ app_begin ] --END-- [ RunTime:0.000924s ]
INFO: [ view_parse ] --START--
INFO: [ template_filter ] --START--
INFO: Run Behavior\ContentReplaceBehavior [ RunTime:0.000239s ]
INFO: [ template_filter ] --END-- [ RunTime:0.000849s ]
INFO: Run Behavior\ParseTemplateBehavior [ RunTime:0.010177s ]
INFO: [ view_parse ] --END-- [ RunTime:0.010676s ]
INFO: [ view_filter ] --START--
INFO: Run Behavior\WriteHtmlCacheBehavior [ RunTime:0.000386s ]
INFO: [ view_filter ] --END-- [ RunTime:0.000847s ]
INFO: [ app_end ] --START--
INFO: Run Behavior\ShowPageTraceBehavior [ RunTime:0.000627s ]
INFO: [ app_end ] --END-- [ RunTime:0.001041s ]

[ 2017-07-21T23:12:43+08:00 ] 127.0.0.1 /index.php?m=Admin&c=Customer&a=evaluate
INFO: [ app_init ] --START--
INFO: Run Behavior\BuildLiteBehavior [ RunTime:0.000176s ]
INFO: [ app_init ] --END-- [ RunTime:0.001166s ]
INFO: [ app_begin ] --START--
INFO: Run Behavior\ReadHtmlCacheBehavior [ RunTime:0.000528s ]
INFO: [ app_begin ] --END-- [ RunTime:0.000944s ]
INFO: [ view_parse ] --START--
INFO: [ template_filter ] --START--
INFO: Run Behavior\ContentReplaceBehavior [ RunTime:0.000196s ]
INFO: [ template_filter ] --END-- [ RunTime:0.000596s ]
INFO: Run Behavior\ParseTemplateBehavior [ RunTime:0.007689s ]
INFO: [ view_parse ] --END-- [ RunTime:0.008076s ]
INFO: [ view_filter ] --START--
INFO: Run Behavior\WriteHtmlCacheBehavior [ RunTime:0.000320s ]
INFO: [ view_filter ] --END-- [ RunTime:0.000730s ]
INFO: [ app_end ] --START--
INFO: Run Behavior\ShowPageTraceBehavior [ RunTime:0.000621s ]
INFO: [ app_end ] --END-- [ RunTime:0.001030s ]

[ 2017-07-21T23:13:05+08:00 ] 127.0.0.1 /index.php?m=Admin&c=Customer&a=yanzhengma&phone=13758216497
INFO: [ app_init ] --START--
INFO: Run Behavior\BuildLiteBehavior [ RunTime:0.000141s ]
INFO: [ app_init ] --END-- [ RunTime:0.001281s ]
INFO: [ app_begin ] --START--
INFO: Run Behavior\ReadHtmlCacheBehavior [ RunTime:0.001260s ]
INFO: [ app_begin ] --END-- [ RunTime:0.001920s ]
INFO: [ app_end ] --START--
INFO: Run Behavior\ShowPageTraceBehavior [ RunTime:0.000635s ]
INFO: [ app_end ] --END-- [ RunTime:0.000991s ]

