[ 2017-08-20T11:00:40+08:00 ] 127.0.0.1 /
INFO: [ app_init ] --START--
INFO: Run Behavior\BuildLiteBehavior [ RunTime:0.000098s ]
INFO: [ app_init ] --END-- [ RunTime:0.001297s ]
INFO: [ app_begin ] --START--
INFO: Run Behavior\ReadHtmlCacheBehavior [ RunTime:0.000833s ]
INFO: [ app_begin ] --END-- [ RunTime:0.001211s ]
INFO: [ view_parse ] --START--
INFO: [ template_filter ] --START--
INFO: Run Behavior\ContentReplaceBehavior [ RunTime:0.000279s ]
INFO: [ template_filter ] --END-- [ RunTime:0.000674s ]
INFO: Run Behavior\ParseTemplateBehavior [ RunTime:0.028174s ]
INFO: [ view_parse ] --END-- [ RunTime:0.028564s ]
INFO: [ view_filter ] --START--
INFO: Run Behavior\WriteHtmlCacheBehavior [ RunTime:0.000456s ]
INFO: [ view_filter ] --END-- [ RunTime:0.000815s ]
INFO: [ app_end ] --START--
INFO: Run Behavior\ShowPageTraceBehavior [ RunTime:0.000823s ]
INFO: [ app_end ] --END-- [ RunTime:0.001193s ]

[ 2017-08-20T11:00:40+08:00 ] 127.0.0.1 /favicon.ico
INFO: [ app_init ] --START--
INFO: Run Behavior\BuildLiteBehavior [ RunTime:0.000096s ]
INFO: [ app_init ] --END-- [ RunTime:0.000758s ]
INFO: [ app_begin ] --START--
INFO: Run Behavior\ReadHtmlCacheBehavior [ RunTime:0.000500s ]
INFO: [ app_begin ] --END-- [ RunTime:0.000914s ]
INFO: [ view_parse ] --START--
INFO: [ template_filter ] --START--
INFO: Run Behavior\ContentReplaceBehavior [ RunTime:0.000186s ]
INFO: [ template_filter ] --END-- [ RunTime:0.000574s ]
INFO: Run Behavior\ParseTemplateBehavior [ RunTime:0.009392s ]
INFO: [ view_parse ] --END-- [ RunTime:0.009882s ]
INFO: [ view_filter ] --START--
INFO: Run Behavior\WriteHtmlCacheBehavior [ RunTime:0.000292s ]
INFO: [ view_filter ] --END-- [ RunTime:0.000648s ]
INFO: [ app_end ] --START--
INFO: Run Behavior\ShowPageTraceBehavior [ RunTime:0.000573s ]
INFO: [ app_end ] --END-- [ RunTime:0.000944s ]

[ 2017-08-20T11:00:56+08:00 ] 127.0.0.1 /
INFO: [ app_init ] --START--
INFO: Run Behavior\BuildLiteBehavior [ RunTime:0.000164s ]
INFO: [ app_init ] --END-- [ RunTime:0.001361s ]
INFO: [ app_begin ] --START--
INFO: Run Behavior\ReadHtmlCacheBehavior [ RunTime:0.000485s ]
INFO: [ app_begin ] --END-- [ RunTime:0.000872s ]
SQL: SHOW COLUMNS FROM `cs_admin` [ RunTime:0.0215s ]
SQL: SELECT * FROM `cs_admin` WHERE `username` = 'admin' LIMIT 1   [ RunTime:0.0009s ]
SQL: SHOW COLUMNS FROM `cs_permission_list` [ RunTime:0.0167s ]
SQL: SELECT `permissions` FROM `cs_permission_list`  [ RunTime:0.0003s ]
SQL: UPDATE `cs_admin` SET `last_login_time`='2017-08-20 11:00:56',`last_login_ip`='127.0.0.1' WHERE `username` = 'admin' [ RunTime:0.0614s ]

[ 2017-08-20T11:00:56+08:00 ] 127.0.0.1 /index.php?m=Admin&c=Index&a=index
INFO: [ app_init ] --START--
INFO: Run Behavior\BuildLiteBehavior [ RunTime:0.000093s ]
INFO: [ app_init ] --END-- [ RunTime:0.000734s ]
INFO: [ app_begin ] --START--
INFO: Run Behavior\ReadHtmlCacheBehavior [ RunTime:0.000466s ]
INFO: [ app_begin ] --END-- [ RunTime:0.000840s ]
INFO: [ view_parse ] --START--
INFO: [ template_filter ] --START--
INFO: Run Behavior\ContentReplaceBehavior [ RunTime:0.000182s ]
INFO: [ template_filter ] --END-- [ RunTime:0.000601s ]
INFO: Run Behavior\ParseTemplateBehavior [ RunTime:0.010355s ]
INFO: [ view_parse ] --END-- [ RunTime:0.010892s ]
INFO: [ view_filter ] --START--
INFO: Run Behavior\WriteHtmlCacheBehavior [ RunTime:0.000290s ]
INFO: [ view_filter ] --END-- [ RunTime:0.000645s ]
INFO: [ app_end ] --START--
INFO: Run Behavior\ShowPageTraceBehavior [ RunTime:0.000512s ]
INFO: [ app_end ] --END-- [ RunTime:0.000877s ]

[ 2017-08-20T11:00:56+08:00 ] 127.0.0.1 /index.php?m=Admin&c=Index&a=top
INFO: [ app_init ] --START--
INFO: Run Behavior\BuildLiteBehavior [ RunTime:0.000168s ]
INFO: [ app_init ] --END-- [ RunTime:0.001267s ]
INFO: [ app_begin ] --START--
INFO: Run Behavior\ReadHtmlCacheBehavior [ RunTime:0.000549s ]
INFO: [ app_begin ] --END-- [ RunTime:0.000963s ]
SQL: SHOW COLUMNS FROM `cs_admin` [ RunTime:0.0007s ]
SQL: SELECT `headimg` FROM `cs_admin` WHERE `username` = 'admin' LIMIT 1   [ RunTime:0.0004s ]
INFO: [ view_parse ] --START--
INFO: [ template_filter ] --START--
INFO: Run Behavior\ContentReplaceBehavior [ RunTime:0.000186s ]
INFO: [ template_filter ] --END-- [ RunTime:0.000579s ]
INFO: Run Behavior\ParseTemplateBehavior [ RunTime:0.022373s ]
INFO: [ view_parse ] --END-- [ RunTime:0.023000s ]
INFO: [ view_filter ] --START--
INFO: Run Behavior\WriteHtmlCacheBehavior [ RunTime:0.000294s ]
INFO: [ view_filter ] --END-- [ RunTime:0.000650s ]
INFO: [ app_end ] --START--
INFO: Run Behavior\ShowPageTraceBehavior [ RunTime:0.000526s ]
INFO: [ app_end ] --END-- [ RunTime:0.000893s ]

[ 2017-08-20T11:00:56+08:00 ] 127.0.0.1 /index.php?m=Admin&c=Index&a=left
INFO: [ app_init ] --START--
INFO: Run Behavior\BuildLiteBehavior [ RunTime:0.000180s ]
INFO: [ app_init ] --END-- [ RunTime:0.001343s ]
INFO: [ app_begin ] --START--
INFO: Run Behavior\ReadHtmlCacheBehavior [ RunTime:0.000862s ]
INFO: [ app_begin ] --END-- [ RunTime:0.001523s ]
INFO: [ view_parse ] --START--
INFO: [ template_filter ] --START--
INFO: Run Behavior\ContentReplaceBehavior [ RunTime:0.000271s ]
INFO: [ template_filter ] --END-- [ RunTime:0.000797s ]
INFO: Run Behavior\ParseTemplateBehavior [ RunTime:0.028076s ]
INFO: [ view_parse ] --END-- [ RunTime:0.028584s ]
INFO: [ view_filter ] --START--
INFO: Run Behavior\WriteHtmlCacheBehavior [ RunTime:0.000364s ]
INFO: [ view_filter ] --END-- [ RunTime:0.000723s ]
INFO: [ app_end ] --START--
INFO: Run Behavior\ShowPageTraceBehavior [ RunTime:0.000537s ]
INFO: [ app_end ] --END-- [ RunTime:0.000898s ]

[ 2017-08-20T11:00:56+08:00 ] 127.0.0.1 /index.php?m=Admin&c=Index&a=main
INFO: [ app_init ] --START--
INFO: Run Behavior\BuildLiteBehavior [ RunTime:0.000098s ]
INFO: [ app_init ] --END-- [ RunTime:0.000791s ]
INFO: [ app_begin ] --START--
INFO: Run Behavior\ReadHtmlCacheBehavior [ RunTime:0.000547s ]
INFO: [ app_begin ] --END-- [ RunTime:0.000982s ]
INFO: [ view_parse ] --START--
INFO: [ template_filter ] --START--
INFO: Run Behavior\ContentReplaceBehavior [ RunTime:0.000498s ]
INFO: [ template_filter ] --END-- [ RunTime:0.001310s ]
INFO: Run Behavior\ParseTemplateBehavior [ RunTime:0.013615s ]
INFO: [ view_parse ] --END-- [ RunTime:0.014516s ]
INFO: [ view_filter ] --START--
INFO: Run Behavior\WriteHtmlCacheBehavior [ RunTime:0.000332s ]
INFO: [ view_filter ] --END-- [ RunTime:0.000714s ]
INFO: [ app_end ] --START--
INFO: Run Behavior\ShowPageTraceBehavior [ RunTime:0.000534s ]
INFO: [ app_end ] --END-- [ RunTime:0.000905s ]

[ 2017-08-20T11:00:56+08:00 ] 127.0.0.1 /favicon.ico
INFO: [ app_init ] --START--
INFO: Run Behavior\BuildLiteBehavior [ RunTime:0.000094s ]
INFO: [ app_init ] --END-- [ RunTime:0.000704s ]
INFO: [ app_begin ] --START--
INFO: Run Behavior\ReadHtmlCacheBehavior [ RunTime:0.000475s ]
INFO: [ app_begin ] --END-- [ RunTime:0.000850s ]
INFO: [ view_parse ] --START--
INFO: [ template_filter ] --START--
INFO: Run Behavior\ContentReplaceBehavior [ RunTime:0.000190s ]
INFO: [ template_filter ] --END-- [ RunTime:0.000586s ]
INFO: Run Behavior\ParseTemplateBehavior [ RunTime:0.009490s ]
INFO: [ view_parse ] --END-- [ RunTime:0.009862s ]
INFO: [ view_filter ] --START--
INFO: Run Behavior\WriteHtmlCacheBehavior [ RunTime:0.000315s ]
INFO: [ view_filter ] --END-- [ RunTime:0.000667s ]
INFO: [ app_end ] --START--
INFO: Run Behavior\ShowPageTraceBehavior [ RunTime:0.000670s ]
INFO: [ app_end ] --END-- [ RunTime:0.001181s ]

[ 2017-08-20T11:00:59+08:00 ] 127.0.0.1 /index.php?m=Admin&c=Good&a=goodslist
INFO: [ app_init ] --START--
INFO: Run Behavior\BuildLiteBehavior [ RunTime:0.000103s ]
INFO: [ app_init ] --END-- [ RunTime:0.000863s ]
INFO: [ app_begin ] --START--
INFO: Run Behavior\ReadHtmlCacheBehavior [ RunTime:0.000523s ]
INFO: [ app_begin ] --END-- [ RunTime:0.000902s ]
SQL: SHOW COLUMNS FROM `cs_provinces` [ RunTime:0.0208s ]
SQL: SELECT * FROM `cs_provinces`  [ RunTime:0.0006s ]
INFO: [ view_parse ] --START--
INFO: [ template_filter ] --START--
INFO: Run Behavior\ContentReplaceBehavior [ RunTime:0.000184s ]
INFO: [ template_filter ] --END-- [ RunTime:0.000563s ]
INFO: Run Behavior\ParseTemplateBehavior [ RunTime:0.023699s ]
INFO: [ view_parse ] --END-- [ RunTime:0.024074s ]
INFO: [ view_filter ] --START--
INFO: Run Behavior\WriteHtmlCacheBehavior [ RunTime:0.000291s ]
INFO: [ view_filter ] --END-- [ RunTime:0.000655s ]
INFO: [ app_end ] --START--
INFO: Run Behavior\ShowPageTraceBehavior [ RunTime:0.000525s ]
INFO: [ app_end ] --END-- [ RunTime:0.000891s ]

[ 2017-08-20T11:01:01+08:00 ] 127.0.0.1 /index.php?m=Admin&c=Good&a=goodslist
INFO: [ app_init ] --START--
INFO: Run Behavior\BuildLiteBehavior [ RunTime:0.000164s ]
INFO: [ app_init ] --END-- [ RunTime:0.001285s ]
INFO: [ app_begin ] --START--
INFO: Run Behavior\ReadHtmlCacheBehavior [ RunTime:0.000501s ]
INFO: [ app_begin ] --END-- [ RunTime:0.000927s ]
SQL: SHOW COLUMNS FROM `cs_cities` [ RunTime:0.1347s ]
SQL: SELECT * FROM `cs_cities` WHERE `provinceid` = '110000'  [ RunTime:0.0245s ]
INFO: [ app_end ] --START--
INFO: Run Behavior\ShowPageTraceBehavior [ RunTime:0.000648s ]
INFO: [ app_end ] --END-- [ RunTime:0.000958s ]

[ 2017-08-20T11:01:02+08:00 ] 127.0.0.1 /index.php?m=Admin&c=Good&a=goodslist
INFO: [ app_init ] --START--
INFO: Run Behavior\BuildLiteBehavior [ RunTime:0.000098s ]
INFO: [ app_init ] --END-- [ RunTime:0.000827s ]
INFO: [ app_begin ] --START--
INFO: Run Behavior\ReadHtmlCacheBehavior [ RunTime:0.000489s ]
INFO: [ app_begin ] --END-- [ RunTime:0.000910s ]
SQL: SHOW COLUMNS FROM `cs_areas` [ RunTime:0.1080s ]
SQL: SELECT * FROM `cs_areas` WHERE `cityid` = '110200'  [ RunTime:0.0182s ]
INFO: [ app_end ] --START--
INFO: Run Behavior\ShowPageTraceBehavior [ RunTime:0.000886s ]
INFO: [ app_end ] --END-- [ RunTime:0.001853s ]

[ 2017-08-20T11:01:09+08:00 ] 127.0.0.1 /index.php?m=Admin&c=Good&a=goodslist
INFO: [ app_init ] --START--
INFO: Run Behavior\BuildLiteBehavior [ RunTime:0.000151s ]
INFO: [ app_init ] --END-- [ RunTime:0.001244s ]
INFO: [ app_begin ] --START--
INFO: Run Behavior\ReadHtmlCacheBehavior [ RunTime:0.000649s ]
INFO: [ app_begin ] --END-- [ RunTime:0.000983s ]
SQL: SHOW COLUMNS FROM `cs_cities` [ RunTime:0.0006s ]
SQL: SELECT * FROM `cs_cities` WHERE `provinceid` = '540000'  [ RunTime:0.0005s ]
INFO: [ app_end ] --START--
INFO: Run Behavior\ShowPageTraceBehavior [ RunTime:0.001001s ]
INFO: [ app_end ] --END-- [ RunTime:0.001342s ]

[ 2017-08-20T11:01:12+08:00 ] 127.0.0.1 /index.php?m=Admin&c=Good&a=goodslist
INFO: [ app_init ] --START--
INFO: Run Behavior\BuildLiteBehavior [ RunTime:0.000227s ]
INFO: [ app_init ] --END-- [ RunTime:0.001323s ]
INFO: [ app_begin ] --START--
INFO: Run Behavior\ReadHtmlCacheBehavior [ RunTime:0.000978s ]
INFO: [ app_begin ] --END-- [ RunTime:0.001729s ]
SQL: SHOW COLUMNS FROM `cs_cities` [ RunTime:0.0007s ]
SQL: SELECT * FROM `cs_cities` WHERE `provinceid` = '610000'  [ RunTime:0.0003s ]
INFO: [ app_end ] --START--
INFO: Run Behavior\ShowPageTraceBehavior [ RunTime:0.000543s ]
INFO: [ app_end ] --END-- [ RunTime:0.000849s ]

[ 2017-08-20T11:01:15+08:00 ] 127.0.0.1 /index.php?m=Admin&c=Good&a=goodslist
INFO: [ app_init ] --START--
INFO: Run Behavior\BuildLiteBehavior [ RunTime:0.000167s ]
INFO: [ app_init ] --END-- [ RunTime:0.001233s ]
INFO: [ app_begin ] --START--
INFO: Run Behavior\ReadHtmlCacheBehavior [ RunTime:0.000473s ]
INFO: [ app_begin ] --END-- [ RunTime:0.000785s ]
SQL: SHOW COLUMNS FROM `cs_areas` [ RunTime:0.0006s ]
SQL: SELECT * FROM `cs_areas` WHERE `cityid` = '610900'  [ RunTime:0.0010s ]
INFO: [ app_end ] --START--
INFO: Run Behavior\ShowPageTraceBehavior [ RunTime:0.000549s ]
INFO: [ app_end ] --END-- [ RunTime:0.000895s ]

[ 2017-08-20T11:01:19+08:00 ] 127.0.0.1 /index.php?m=Admin&c=Good&a=add_goods
INFO: [ app_init ] --START--
INFO: Run Behavior\BuildLiteBehavior [ RunTime:0.000095s ]
INFO: [ app_init ] --END-- [ RunTime:0.000701s ]
INFO: [ app_begin ] --START--
INFO: Run Behavior\ReadHtmlCacheBehavior [ RunTime:0.000469s ]
INFO: [ app_begin ] --END-- [ RunTime:0.000844s ]
SQL: SHOW COLUMNS FROM `cs_good_levelinfo` [ RunTime:0.0148s ]
SQL: SELECT `id`,`level_name`,`parent_id`,`status` FROM `cs_good_levelinfo` WHERE ( status = 1 )  [ RunTime:0.0004s ]
INFO: [ view_parse ] --START--
INFO: [ template_filter ] --START--
INFO: Run Behavior\ContentReplaceBehavior [ RunTime:0.000214s ]
INFO: [ template_filter ] --END-- [ RunTime:0.000636s ]
INFO: Run Behavior\ParseTemplateBehavior [ RunTime:0.021463s ]
INFO: [ view_parse ] --END-- [ RunTime:0.021835s ]
INFO: [ view_filter ] --START--
INFO: Run Behavior\WriteHtmlCacheBehavior [ RunTime:0.000311s ]
INFO: [ view_filter ] --END-- [ RunTime:0.000676s ]
INFO: [ app_end ] --START--
INFO: Run Behavior\ShowPageTraceBehavior [ RunTime:0.000719s ]
INFO: [ app_end ] --END-- [ RunTime:0.001284s ]

[ 2017-08-20T11:01:26+08:00 ] 127.0.0.1 /index.php?m=Admin&c=Good&a=add_goods
INFO: [ app_init ] --START--
INFO: Run Behavior\BuildLiteBehavior [ RunTime:0.000095s ]
INFO: [ app_init ] --END-- [ RunTime:0.000741s ]
INFO: [ app_begin ] --START--
INFO: Run Behavior\ReadHtmlCacheBehavior [ RunTime:0.000544s ]
INFO: [ app_begin ] --END-- [ RunTime:0.000920s ]
SQL: SHOW COLUMNS FROM `cs_good_levelinfo` [ RunTime:0.0007s ]
SQL: SELECT `id`,`level_name`,`parent_id`,`status` FROM `cs_good_levelinfo` WHERE ( status = 1 )  [ RunTime:0.0004s ]
INFO: [ view_parse ] --START--
INFO: [ template_filter ] --START--
INFO: Run Behavior\ContentReplaceBehavior [ RunTime:0.000196s ]
INFO: [ template_filter ] --END-- [ RunTime:0.000572s ]
INFO: Run Behavior\ParseTemplateBehavior [ RunTime:0.009101s ]
INFO: [ view_parse ] --END-- [ RunTime:0.009634s ]
INFO: [ view_filter ] --START--
INFO: Run Behavior\WriteHtmlCacheBehavior [ RunTime:0.000279s ]
INFO: [ view_filter ] --END-- [ RunTime:0.000640s ]
INFO: [ app_end ] --START--
INFO: Run Behavior\ShowPageTraceBehavior [ RunTime:0.000738s ]
INFO: [ app_end ] --END-- [ RunTime:0.001128s ]

[ 2017-08-20T11:01:29+08:00 ] 127.0.0.1 /index.php?m=Admin&c=Good&a=goodslist
INFO: [ app_init ] --START--
INFO: Run Behavior\BuildLiteBehavior [ RunTime:0.000094s ]
INFO: [ app_init ] --END-- [ RunTime:0.000699s ]
INFO: [ app_begin ] --START--
INFO: Run Behavior\ReadHtmlCacheBehavior [ RunTime:0.000576s ]
INFO: [ app_begin ] --END-- [ RunTime:0.000956s ]
SQL: SHOW COLUMNS FROM `cs_provinces` [ RunTime:0.0006s ]
SQL: SELECT * FROM `cs_provinces`  [ RunTime:0.0002s ]
INFO: [ view_parse ] --START--
INFO: [ template_filter ] --START--
INFO: Run Behavior\ContentReplaceBehavior [ RunTime:0.000213s ]
INFO: [ template_filter ] --END-- [ RunTime:0.000667s ]
INFO: Run Behavior\ParseTemplateBehavior [ RunTime:0.010558s ]
INFO: [ view_parse ] --END-- [ RunTime:0.010930s ]
INFO: [ view_filter ] --START--
INFO: Run Behavior\WriteHtmlCacheBehavior [ RunTime:0.000289s ]
INFO: [ view_filter ] --END-- [ RunTime:0.000653s ]
INFO: [ app_end ] --START--
INFO: Run Behavior\ShowPageTraceBehavior [ RunTime:0.000555s ]
INFO: [ app_end ] --END-- [ RunTime:0.000925s ]

[ 2017-08-20T11:01:30+08:00 ] 127.0.0.1 /index.php?m=Admin&c=Good&a=add_goods
INFO: [ app_init ] --START--
INFO: Run Behavior\BuildLiteBehavior [ RunTime:0.000096s ]
INFO: [ app_init ] --END-- [ RunTime:0.000739s ]
INFO: [ app_begin ] --START--
INFO: Run Behavior\ReadHtmlCacheBehavior [ RunTime:0.000505s ]
INFO: [ app_begin ] --END-- [ RunTime:0.000883s ]
SQL: SHOW COLUMNS FROM `cs_good_levelinfo` [ RunTime:0.0007s ]
SQL: SELECT `id`,`level_name`,`parent_id`,`status` FROM `cs_good_levelinfo` WHERE ( status = 1 )  [ RunTime:0.0003s ]
INFO: [ view_parse ] --START--
INFO: [ template_filter ] --START--
INFO: Run Behavior\ContentReplaceBehavior [ RunTime:0.000261s ]
INFO: [ template_filter ] --END-- [ RunTime:0.000675s ]
INFO: Run Behavior\ParseTemplateBehavior [ RunTime:0.010250s ]
INFO: [ view_parse ] --END-- [ RunTime:0.010637s ]
INFO: [ view_filter ] --START--
INFO: Run Behavior\WriteHtmlCacheBehavior [ RunTime:0.000321s ]
INFO: [ view_filter ] --END-- [ RunTime:0.000682s ]
INFO: [ app_end ] --START--
INFO: Run Behavior\ShowPageTraceBehavior [ RunTime:0.000768s ]
INFO: [ app_end ] --END-- [ RunTime:0.001360s ]

[ 2017-08-20T11:01:34+08:00 ] 127.0.0.1 /index.php?m=Admin&c=Good&a=good_level
INFO: [ app_init ] --START--
INFO: Run Behavior\BuildLiteBehavior [ RunTime:0.000094s ]
INFO: [ app_init ] --END-- [ RunTime:0.000708s ]
INFO: [ app_begin ] --START--
INFO: Run Behavior\ReadHtmlCacheBehavior [ RunTime:0.000553s ]
INFO: [ app_begin ] --END-- [ RunTime:0.000933s ]
SQL: SHOW COLUMNS FROM `cs_good_levelinfo` [ RunTime:0.0006s ]
SQL: SELECT `id`,`level_name`,`parent_id`,`status` FROM `cs_good_levelinfo` WHERE ( status = 1 )  [ RunTime:0.0003s ]
SQL: SELECT `id`,`level_name`,`parent_id`,`status` FROM `cs_good_levelinfo` LIMIT 0,5   [ RunTime:0.0003s ]
SQL: SHOW COLUMNS FROM `cs_good_levelinfo` [ RunTime:0.0010s ]
SQL: SELECT COUNT(*) AS tp_count FROM `cs_good_levelinfo` LIMIT 1   [ RunTime:0.0004s ]
INFO: [ view_parse ] --START--
INFO: [ template_filter ] --START--
INFO: Run Behavior\ContentReplaceBehavior [ RunTime:0.000190s ]
INFO: [ template_filter ] --END-- [ RunTime:0.000572s ]
NOTIC: [8] Use of undefined constant 激活 - assumed '激活' /home/choushan/www/exercise/Application/Runtime/Cache/Admin/8cfcc126121564f1714c6214a23b32f4.php 第 127 行.
NOTIC: [8] Use of undefined constant 激活 - assumed '激活' /home/choushan/www/exercise/Application/Runtime/Cache/Admin/8cfcc126121564f1714c6214a23b32f4.php 第 127 行.
NOTIC: [8] Use of undefined constant 激活 - assumed '激活' /home/choushan/www/exercise/Application/Runtime/Cache/Admin/8cfcc126121564f1714c6214a23b32f4.php 第 127 行.
NOTIC: [8] Use of undefined constant 激活 - assumed '激活' /home/choushan/www/exercise/Application/Runtime/Cache/Admin/8cfcc126121564f1714c6214a23b32f4.php 第 127 行.
NOTIC: [8] Use of undefined constant 激活 - assumed '激活' /home/choushan/www/exercise/Application/Runtime/Cache/Admin/8cfcc126121564f1714c6214a23b32f4.php 第 127 行.
INFO: Run Behavior\ParseTemplateBehavior [ RunTime:0.018847s ]
INFO: [ view_parse ] --END-- [ RunTime:0.019220s ]
INFO: [ view_filter ] --START--
INFO: Run Behavior\WriteHtmlCacheBehavior [ RunTime:0.000561s ]
INFO: [ view_filter ] --END-- [ RunTime:0.001235s ]
INFO: [ app_end ] --START--
INFO: Run Behavior\ShowPageTraceBehavior [ RunTime:0.001143s ]
INFO: [ app_end ] --END-- [ RunTime:0.001672s ]

[ 2017-08-20T11:01:48+08:00 ] 127.0.0.1 /index.php?m=Admin&c=Good&a=good_level&p=2
INFO: [ app_init ] --START--
INFO: Run Behavior\BuildLiteBehavior [ RunTime:0.000093s ]
INFO: [ app_init ] --END-- [ RunTime:0.000698s ]
INFO: [ app_begin ] --START--
INFO: Run Behavior\ReadHtmlCacheBehavior [ RunTime:0.000544s ]
INFO: [ app_begin ] --END-- [ RunTime:0.000931s ]
SQL: SHOW COLUMNS FROM `cs_good_levelinfo` [ RunTime:0.0006s ]
SQL: SELECT `id`,`level_name`,`parent_id`,`status` FROM `cs_good_levelinfo` WHERE ( status = 1 )  [ RunTime:0.0003s ]
SQL: SELECT `id`,`level_name`,`parent_id`,`status` FROM `cs_good_levelinfo` LIMIT 5,5   [ RunTime:0.0004s ]
SQL: SHOW COLUMNS FROM `cs_good_levelinfo` [ RunTime:0.0011s ]
SQL: SELECT COUNT(*) AS tp_count FROM `cs_good_levelinfo` LIMIT 1   [ RunTime:0.0003s ]
INFO: [ view_parse ] --START--
INFO: [ template_filter ] --START--
INFO: Run Behavior\ContentReplaceBehavior [ RunTime:0.000230s ]
INFO: [ template_filter ] --END-- [ RunTime:0.000719s ]
NOTIC: [8] Use of undefined constant 激活 - assumed '激活' /home/choushan/www/exercise/Application/Runtime/Cache/Admin/8cfcc126121564f1714c6214a23b32f4.php 第 127 行.
NOTIC: [8] Use of undefined constant 激活 - assumed '激活' /home/choushan/www/exercise/Application/Runtime/Cache/Admin/8cfcc126121564f1714c6214a23b32f4.php 第 127 行.
NOTIC: [8] Use of undefined constant 激活 - assumed '激活' /home/choushan/www/exercise/Application/Runtime/Cache/Admin/8cfcc126121564f1714c6214a23b32f4.php 第 127 行.
INFO: Run Behavior\ParseTemplateBehavior [ RunTime:0.009636s ]
INFO: [ view_parse ] --END-- [ RunTime:0.010022s ]
INFO: [ view_filter ] --START--
INFO: Run Behavior\WriteHtmlCacheBehavior [ RunTime:0.000298s ]
INFO: [ view_filter ] --END-- [ RunTime:0.000664s ]
INFO: [ app_end ] --START--
INFO: Run Behavior\ShowPageTraceBehavior [ RunTime:0.000524s ]
INFO: [ app_end ] --END-- [ RunTime:0.000914s ]

[ 2017-08-20T11:01:49+08:00 ] 127.0.0.1 /index.php?m=Admin&c=Good&a=good_level&p=1
INFO: [ app_init ] --START--
INFO: Run Behavior\BuildLiteBehavior [ RunTime:0.000160s ]
INFO: [ app_init ] --END-- [ RunTime:0.001131s ]
INFO: [ app_begin ] --START--
INFO: Run Behavior\ReadHtmlCacheBehavior [ RunTime:0.000511s ]
INFO: [ app_begin ] --END-- [ RunTime:0.000899s ]
SQL: SHOW COLUMNS FROM `cs_good_levelinfo` [ RunTime:0.0006s ]
SQL: SELECT `id`,`level_name`,`parent_id`,`status` FROM `cs_good_levelinfo` WHERE ( status = 1 )  [ RunTime:0.0003s ]
SQL: SELECT `id`,`level_name`,`parent_id`,`status` FROM `cs_good_levelinfo` LIMIT 0,5   [ RunTime:0.0003s ]
SQL: SHOW COLUMNS FROM `cs_good_levelinfo` [ RunTime:0.0013s ]
SQL: SELECT COUNT(*) AS tp_count FROM `cs_good_levelinfo` LIMIT 1   [ RunTime:0.0004s ]
INFO: [ view_parse ] --START--
INFO: [ template_filter ] --START--
INFO: Run Behavior\ContentReplaceBehavior [ RunTime:0.000188s ]
INFO: [ template_filter ] --END-- [ RunTime:0.000563s ]
NOTIC: [8] Use of undefined constant 激活 - assumed '激活' /home/choushan/www/exercise/Application/Runtime/Cache/Admin/8cfcc126121564f1714c6214a23b32f4.php 第 127 行.
NOTIC: [8] Use of undefined constant 激活 - assumed '激活' /home/choushan/www/exercise/Application/Runtime/Cache/Admin/8cfcc126121564f1714c6214a23b32f4.php 第 127 行.
NOTIC: [8] Use of undefined constant 激活 - assumed '激活' /home/choushan/www/exercise/Application/Runtime/Cache/Admin/8cfcc126121564f1714c6214a23b32f4.php 第 127 行.
NOTIC: [8] Use of undefined constant 激活 - assumed '激活' /home/choushan/www/exercise/Application/Runtime/Cache/Admin/8cfcc126121564f1714c6214a23b32f4.php 第 127 行.
NOTIC: [8] Use of undefined constant 激活 - assumed '激活' /home/choushan/www/exercise/Application/Runtime/Cache/Admin/8cfcc126121564f1714c6214a23b32f4.php 第 127 行.
INFO: Run Behavior\ParseTemplateBehavior [ RunTime:0.009341s ]
INFO: [ view_parse ] --END-- [ RunTime:0.009716s ]
INFO: [ view_filter ] --START--
INFO: Run Behavior\WriteHtmlCacheBehavior [ RunTime:0.000284s ]
INFO: [ view_filter ] --END-- [ RunTime:0.000647s ]
INFO: [ app_end ] --START--
INFO: Run Behavior\ShowPageTraceBehavior [ RunTime:0.000517s ]
INFO: [ app_end ] --END-- [ RunTime:0.000909s ]

[ 2017-08-20T11:01:51+08:00 ] 127.0.0.1 /index.php?m=Admin&c=Good&a=good_level&p=2
INFO: [ app_init ] --START--
INFO: Run Behavior\BuildLiteBehavior [ RunTime:0.000126s ]
INFO: [ app_init ] --END-- [ RunTime:0.000750s ]
INFO: [ app_begin ] --START--
INFO: Run Behavior\ReadHtmlCacheBehavior [ RunTime:0.000466s ]
INFO: [ app_begin ] --END-- [ RunTime:0.000841s ]
SQL: SHOW COLUMNS FROM `cs_good_levelinfo` [ RunTime:0.0006s ]
SQL: SELECT `id`,`level_name`,`parent_id`,`status` FROM `cs_good_levelinfo` WHERE ( status = 1 )  [ RunTime:0.0003s ]
SQL: SELECT `id`,`level_name`,`parent_id`,`status` FROM `cs_good_levelinfo` LIMIT 5,5   [ RunTime:0.0007s ]
SQL: SHOW COLUMNS FROM `cs_good_levelinfo` [ RunTime:0.0007s ]
SQL: SELECT COUNT(*) AS tp_count FROM `cs_good_levelinfo` LIMIT 1   [ RunTime:0.0004s ]
INFO: [ view_parse ] --START--
INFO: [ template_filter ] --START--
INFO: Run Behavior\ContentReplaceBehavior [ RunTime:0.000189s ]
INFO: [ template_filter ] --END-- [ RunTime:0.000566s ]
NOTIC: [8] Use of undefined constant 激活 - assumed '激活' /home/choushan/www/exercise/Application/Runtime/Cache/Admin/8cfcc126121564f1714c6214a23b32f4.php 第 127 行.
NOTIC: [8] Use of undefined constant 激活 - assumed '激活' /home/choushan/www/exercise/Application/Runtime/Cache/Admin/8cfcc126121564f1714c6214a23b32f4.php 第 127 行.
NOTIC: [8] Use of undefined constant 激活 - assumed '激活' /home/choushan/www/exercise/Application/Runtime/Cache/Admin/8cfcc126121564f1714c6214a23b32f4.php 第 127 行.
INFO: Run Behavior\ParseTemplateBehavior [ RunTime:0.009115s ]
INFO: [ view_parse ] --END-- [ RunTime:0.009498s ]
INFO: [ view_filter ] --START--
INFO: Run Behavior\WriteHtmlCacheBehavior [ RunTime:0.000289s ]
INFO: [ view_filter ] --END-- [ RunTime:0.000651s ]
INFO: [ app_end ] --START--
INFO: Run Behavior\ShowPageTraceBehavior [ RunTime:0.000513s ]
INFO: [ app_end ] --END-- [ RunTime:0.000873s ]

[ 2017-08-20T11:01:52+08:00 ] 127.0.0.1 /index.php?m=Admin&c=Good&a=good_level&p=1
INFO: [ app_init ] --START--
INFO: Run Behavior\BuildLiteBehavior [ RunTime:0.000124s ]
INFO: [ app_init ] --END-- [ RunTime:0.000995s ]
INFO: [ app_begin ] --START--
INFO: Run Behavior\ReadHtmlCacheBehavior [ RunTime:0.000630s ]
INFO: [ app_begin ] --END-- [ RunTime:0.001239s ]
SQL: SHOW COLUMNS FROM `cs_good_levelinfo` [ RunTime:0.0007s ]
SQL: SELECT `id`,`level_name`,`parent_id`,`status` FROM `cs_good_levelinfo` WHERE ( status = 1 )  [ RunTime:0.0003s ]
SQL: SELECT `id`,`level_name`,`parent_id`,`status` FROM `cs_good_levelinfo` LIMIT 0,5   [ RunTime:0.0005s ]
SQL: SHOW COLUMNS FROM `cs_good_levelinfo` [ RunTime:0.0008s ]
SQL: SELECT COUNT(*) AS tp_count FROM `cs_good_levelinfo` LIMIT 1   [ RunTime:0.0004s ]
INFO: [ view_parse ] --START--
INFO: [ template_filter ] --START--
INFO: Run Behavior\ContentReplaceBehavior [ RunTime:0.000213s ]
INFO: [ template_filter ] --END-- [ RunTime:0.000644s ]
NOTIC: [8] Use of undefined constant 激活 - assumed '激活' /home/choushan/www/exercise/Application/Runtime/Cache/Admin/8cfcc126121564f1714c6214a23b32f4.php 第 127 行.
NOTIC: [8] Use of undefined constant 激活 - assumed '激活' /home/choushan/www/exercise/Application/Runtime/Cache/Admin/8cfcc126121564f1714c6214a23b32f4.php 第 127 行.
NOTIC: [8] Use of undefined constant 激活 - assumed '激活' /home/choushan/www/exercise/Application/Runtime/Cache/Admin/8cfcc126121564f1714c6214a23b32f4.php 第 127 行.
NOTIC: [8] Use of undefined constant 激活 - assumed '激活' /home/choushan/www/exercise/Application/Runtime/Cache/Admin/8cfcc126121564f1714c6214a23b32f4.php 第 127 行.
NOTIC: [8] Use of undefined constant 激活 - assumed '激活' /home/choushan/www/exercise/Application/Runtime/Cache/Admin/8cfcc126121564f1714c6214a23b32f4.php 第 127 行.
INFO: Run Behavior\ParseTemplateBehavior [ RunTime:0.010689s ]
INFO: [ view_parse ] --END-- [ RunTime:0.011144s ]
INFO: [ view_filter ] --START--
INFO: Run Behavior\WriteHtmlCacheBehavior [ RunTime:0.000549s ]
INFO: [ view_filter ] --END-- [ RunTime:0.001162s ]
INFO: [ app_end ] --START--
INFO: Run Behavior\ShowPageTraceBehavior [ RunTime:0.001149s ]
INFO: [ app_end ] --END-- [ RunTime:0.001677s ]

[ 2017-08-20T11:01:53+08:00 ] 127.0.0.1 /index.php?m=Admin&c=Good&a=good_level&p=2
INFO: [ app_init ] --START--
INFO: Run Behavior\BuildLiteBehavior [ RunTime:0.000113s ]
INFO: [ app_init ] --END-- [ RunTime:0.000756s ]
INFO: [ app_begin ] --START--
INFO: Run Behavior\ReadHtmlCacheBehavior [ RunTime:0.000497s ]
INFO: [ app_begin ] --END-- [ RunTime:0.000874s ]
SQL: SHOW COLUMNS FROM `cs_good_levelinfo` [ RunTime:0.0006s ]
SQL: SELECT `id`,`level_name`,`parent_id`,`status` FROM `cs_good_levelinfo` WHERE ( status = 1 )  [ RunTime:0.0002s ]
SQL: SELECT `id`,`level_name`,`parent_id`,`status` FROM `cs_good_levelinfo` LIMIT 5,5   [ RunTime:0.0002s ]
SQL: SHOW COLUMNS FROM `cs_good_levelinfo` [ RunTime:0.0009s ]
SQL: SELECT COUNT(*) AS tp_count FROM `cs_good_levelinfo` LIMIT 1   [ RunTime:0.0005s ]
INFO: [ view_parse ] --START--
INFO: [ template_filter ] --START--
INFO: Run Behavior\ContentReplaceBehavior [ RunTime:0.000196s ]
INFO: [ template_filter ] --END-- [ RunTime:0.000566s ]
NOTIC: [8] Use of undefined constant 激活 - assumed '激活' /home/choushan/www/exercise/Application/Runtime/Cache/Admin/8cfcc126121564f1714c6214a23b32f4.php 第 127 行.
NOTIC: [8] Use of undefined constant 激活 - assumed '激活' /home/choushan/www/exercise/Application/Runtime/Cache/Admin/8cfcc126121564f1714c6214a23b32f4.php 第 127 行.
NOTIC: [8] Use of undefined constant 激活 - assumed '激活' /home/choushan/www/exercise/Application/Runtime/Cache/Admin/8cfcc126121564f1714c6214a23b32f4.php 第 127 行.
INFO: Run Behavior\ParseTemplateBehavior [ RunTime:0.009344s ]
INFO: [ view_parse ] --END-- [ RunTime:0.009731s ]
INFO: [ view_filter ] --START--
INFO: Run Behavior\WriteHtmlCacheBehavior [ RunTime:0.000280s ]
INFO: [ view_filter ] --END-- [ RunTime:0.000644s ]
INFO: [ app_end ] --START--
INFO: Run Behavior\ShowPageTraceBehavior [ RunTime:0.000550s ]
INFO: [ app_end ] --END-- [ RunTime:0.000912s ]

[ 2017-08-20T11:01:55+08:00 ] 127.0.0.1 /index.php?m=Admin&c=Good&a=good_level&p=1
INFO: [ app_init ] --START--
INFO: Run Behavior\BuildLiteBehavior [ RunTime:0.000094s ]
INFO: [ app_init ] --END-- [ RunTime:0.000700s ]
INFO: [ app_begin ] --START--
INFO: Run Behavior\ReadHtmlCacheBehavior [ RunTime:0.000468s ]
INFO: [ app_begin ] --END-- [ RunTime:0.000843s ]
SQL: SHOW COLUMNS FROM `cs_good_levelinfo` [ RunTime:0.0006s ]
SQL: SELECT `id`,`level_name`,`parent_id`,`status` FROM `cs_good_levelinfo` WHERE ( status = 1 )  [ RunTime:0.0003s ]
SQL: SELECT `id`,`level_name`,`parent_id`,`status` FROM `cs_good_levelinfo` LIMIT 0,5   [ RunTime:0.0002s ]
SQL: SHOW COLUMNS FROM `cs_good_levelinfo` [ RunTime:0.0007s ]
SQL: SELECT COUNT(*) AS tp_count FROM `cs_good_levelinfo` LIMIT 1   [ RunTime:0.0004s ]
INFO: [ view_parse ] --START--
INFO: [ template_filter ] --START--
INFO: Run Behavior\ContentReplaceBehavior [ RunTime:0.000191s ]
INFO: [ template_filter ] --END-- [ RunTime:0.000585s ]
NOTIC: [8] Use of undefined constant 激活 - assumed '激活' /home/choushan/www/exercise/Application/Runtime/Cache/Admin/8cfcc126121564f1714c6214a23b32f4.php 第 127 行.
NOTIC: [8] Use of undefined constant 激活 - assumed '激活' /home/choushan/www/exercise/Application/Runtime/Cache/Admin/8cfcc126121564f1714c6214a23b32f4.php 第 127 行.
NOTIC: [8] Use of undefined constant 激活 - assumed '激活' /home/choushan/www/exercise/Application/Runtime/Cache/Admin/8cfcc126121564f1714c6214a23b32f4.php 第 127 行.
NOTIC: [8] Use of undefined constant 激活 - assumed '激活' /home/choushan/www/exercise/Application/Runtime/Cache/Admin/8cfcc126121564f1714c6214a23b32f4.php 第 127 行.
NOTIC: [8] Use of undefined constant 激活 - assumed '激活' /home/choushan/www/exercise/Application/Runtime/Cache/Admin/8cfcc126121564f1714c6214a23b32f4.php 第 127 行.
INFO: Run Behavior\ParseTemplateBehavior [ RunTime:0.009381s ]
INFO: [ view_parse ] --END-- [ RunTime:0.009757s ]
INFO: [ view_filter ] --START--
INFO: Run Behavior\WriteHtmlCacheBehavior [ RunTime:0.000282s ]
INFO: [ view_filter ] --END-- [ RunTime:0.000649s ]
INFO: [ app_end ] --START--
INFO: Run Behavior\ShowPageTraceBehavior [ RunTime:0.000566s ]
INFO: [ app_end ] --END-- [ RunTime:0.000977s ]

[ 2017-08-20T11:02:00+08:00 ] 127.0.0.1 /index.php?m=Admin&c=Customer&a=evaluate
INFO: [ app_init ] --START--
INFO: Run Behavior\BuildLiteBehavior [ RunTime:0.000094s ]
INFO: [ app_init ] --END-- [ RunTime:0.000804s ]
INFO: [ app_begin ] --START--
INFO: Run Behavior\ReadHtmlCacheBehavior [ RunTime:0.000471s ]
INFO: [ app_begin ] --END-- [ RunTime:0.000854s ]
INFO: [ view_parse ] --START--
INFO: [ template_filter ] --START--
INFO: Run Behavior\ContentReplaceBehavior [ RunTime:0.000186s ]
INFO: [ template_filter ] --END-- [ RunTime:0.000567s ]
INFO: Run Behavior\ParseTemplateBehavior [ RunTime:0.021956s ]
INFO: [ view_parse ] --END-- [ RunTime:0.022343s ]
INFO: [ view_filter ] --START--
INFO: Run Behavior\WriteHtmlCacheBehavior [ RunTime:0.000278s ]
INFO: [ view_filter ] --END-- [ RunTime:0.000640s ]
INFO: [ app_end ] --START--
INFO: Run Behavior\ShowPageTraceBehavior [ RunTime:0.000513s ]
INFO: [ app_end ] --END-- [ RunTime:0.000872s ]

[ 2017-08-20T11:02:02+08:00 ] 127.0.0.1 /index.php?m=Admin&c=Good&a=good_level
INFO: [ app_init ] --START--
INFO: Run Behavior\BuildLiteBehavior [ RunTime:0.000098s ]
INFO: [ app_init ] --END-- [ RunTime:0.000762s ]
INFO: [ app_begin ] --START--
INFO: Run Behavior\ReadHtmlCacheBehavior [ RunTime:0.000469s ]
INFO: [ app_begin ] --END-- [ RunTime:0.000843s ]
SQL: SHOW COLUMNS FROM `cs_good_levelinfo` [ RunTime:0.0006s ]
SQL: SELECT `id`,`level_name`,`parent_id`,`status` FROM `cs_good_levelinfo` WHERE ( status = 1 )  [ RunTime:0.0003s ]
SQL: SELECT `id`,`level_name`,`parent_id`,`status` FROM `cs_good_levelinfo` LIMIT 0,5   [ RunTime:0.0004s ]
SQL: SHOW COLUMNS FROM `cs_good_levelinfo` [ RunTime:0.0008s ]
SQL: SELECT COUNT(*) AS tp_count FROM `cs_good_levelinfo` LIMIT 1   [ RunTime:0.0003s ]
INFO: [ view_parse ] --START--
INFO: [ template_filter ] --START--
INFO: Run Behavior\ContentReplaceBehavior [ RunTime:0.000188s ]
INFO: [ template_filter ] --END-- [ RunTime:0.000568s ]
NOTIC: [8] Use of undefined constant 激活 - assumed '激活' /home/choushan/www/exercise/Application/Runtime/Cache/Admin/8cfcc126121564f1714c6214a23b32f4.php 第 127 行.
NOTIC: [8] Use of undefined constant 激活 - assumed '激活' /home/choushan/www/exercise/Application/Runtime/Cache/Admin/8cfcc126121564f1714c6214a23b32f4.php 第 127 行.
NOTIC: [8] Use of undefined constant 激活 - assumed '激活' /home/choushan/www/exercise/Application/Runtime/Cache/Admin/8cfcc126121564f1714c6214a23b32f4.php 第 127 行.
NOTIC: [8] Use of undefined constant 激活 - assumed '激活' /home/choushan/www/exercise/Application/Runtime/Cache/Admin/8cfcc126121564f1714c6214a23b32f4.php 第 127 行.
NOTIC: [8] Use of undefined constant 激活 - assumed '激活' /home/choushan/www/exercise/Application/Runtime/Cache/Admin/8cfcc126121564f1714c6214a23b32f4.php 第 127 行.
INFO: Run Behavior\ParseTemplateBehavior [ RunTime:0.009442s ]
INFO: [ view_parse ] --END-- [ RunTime:0.009813s ]
INFO: [ view_filter ] --START--
INFO: Run Behavior\WriteHtmlCacheBehavior [ RunTime:0.000290s ]
INFO: [ view_filter ] --END-- [ RunTime:0.000669s ]
INFO: [ app_end ] --START--
INFO: Run Behavior\ShowPageTraceBehavior [ RunTime:0.000512s ]
INFO: [ app_end ] --END-- [ RunTime:0.000907s ]

[ 2017-08-20T11:02:03+08:00 ] 127.0.0.1 /index.php?m=Admin&c=Good&a=huishou
INFO: [ app_init ] --START--
INFO: Run Behavior\BuildLiteBehavior [ RunTime:0.000093s ]
INFO: [ app_init ] --END-- [ RunTime:0.000696s ]
INFO: [ app_begin ] --START--
INFO: Run Behavior\ReadHtmlCacheBehavior [ RunTime:0.000571s ]
INFO: [ app_begin ] --END-- [ RunTime:0.000977s ]
SQL: SHOW COLUMNS FROM `cs_company` [ RunTime:0.0657s ]
SQL: SELECT * FROM `cs_company`  [ RunTime:0.0009s ]
INFO: [ view_parse ] --START--
INFO: [ template_filter ] --START--
INFO: Run Behavior\ContentReplaceBehavior [ RunTime:0.000181s ]
INFO: [ template_filter ] --END-- [ RunTime:0.000560s ]
INFO: Run Behavior\ParseTemplateBehavior [ RunTime:0.022832s ]
INFO: [ view_parse ] --END-- [ RunTime:0.023263s ]
INFO: [ view_filter ] --START--
INFO: Run Behavior\WriteHtmlCacheBehavior [ RunTime:0.000282s ]
INFO: [ view_filter ] --END-- [ RunTime:0.000652s ]
INFO: [ app_end ] --START--
INFO: Run Behavior\ShowPageTraceBehavior [ RunTime:0.000606s ]
INFO: [ app_end ] --END-- [ RunTime:0.000989s ]

[ 2017-08-20T11:02:10+08:00 ] 127.0.0.1 /index.php?m=Admin&c=Order&a=orderinfo
INFO: [ app_init ] --START--
INFO: Run Behavior\BuildLiteBehavior [ RunTime:0.000093s ]
INFO: [ app_init ] --END-- [ RunTime:0.000715s ]
INFO: [ app_begin ] --START--
INFO: Run Behavior\ReadHtmlCacheBehavior [ RunTime:0.000469s ]
INFO: [ app_begin ] --END-- [ RunTime:0.000955s ]
INFO: [ view_parse ] --START--
INFO: [ template_filter ] --START--
INFO: Run Behavior\ContentReplaceBehavior [ RunTime:0.000192s ]
INFO: [ template_filter ] --END-- [ RunTime:0.000578s ]
INFO: Run Behavior\ParseTemplateBehavior [ RunTime:0.023839s ]
INFO: [ view_parse ] --END-- [ RunTime:0.024240s ]
INFO: [ view_filter ] --START--
INFO: Run Behavior\WriteHtmlCacheBehavior [ RunTime:0.000292s ]
INFO: [ view_filter ] --END-- [ RunTime:0.000649s ]
INFO: [ app_end ] --START--
INFO: Run Behavior\ShowPageTraceBehavior [ RunTime:0.000606s ]
INFO: [ app_end ] --END-- [ RunTime:0.001065s ]

[ 2017-08-20T11:03:48+08:00 ] 127.0.0.1 /index.php?m=Admin&c=Member&a=mermber_info
INFO: [ app_init ] --START--
INFO: Run Behavior\BuildLiteBehavior [ RunTime:0.000094s ]
INFO: [ app_init ] --END-- [ RunTime:0.000701s ]
INFO: [ app_begin ] --START--
INFO: Run Behavior\ReadHtmlCacheBehavior [ RunTime:0.000472s ]
INFO: [ app_begin ] --END-- [ RunTime:0.000848s ]
SQL: SHOW COLUMNS FROM `cs_merber` [ RunTime:0.0127s ]
SQL: SELECT `cs_merber`.id,`merber_name`,`login_number`,`last_login_ip`,`balance`,`is_login`,`sort` FROM `cs_merber` LEFT JOIN cs_level ON cs_merber.level = cs_level.id  LIMIT 0,3   [ RunTime:0.0303s ]
SQL: SELECT COUNT(*) AS tp_count FROM `cs_merber` WHERE ( is_login=0 ) LIMIT 1   [ RunTime:0.0003s ]
INFO: [ view_parse ] --START--
INFO: [ template_filter ] --START--
INFO: Run Behavior\ContentReplaceBehavior [ RunTime:0.000287s ]
INFO: [ template_filter ] --END-- [ RunTime:0.000845s ]
NOTIC: [8] Use of undefined constant 允许 - assumed '允许' /home/choushan/www/exercise/Application/Runtime/Cache/Admin/9b6726c26765c8504a100b0a0223b3d2.php 第 40 行.
NOTIC: [8] Use of undefined constant 允许 - assumed '允许' /home/choushan/www/exercise/Application/Runtime/Cache/Admin/9b6726c26765c8504a100b0a0223b3d2.php 第 40 行.
NOTIC: [8] Use of undefined constant 允许 - assumed '允许' /home/choushan/www/exercise/Application/Runtime/Cache/Admin/9b6726c26765c8504a100b0a0223b3d2.php 第 40 行.
INFO: Run Behavior\ParseTemplateBehavior [ RunTime:0.010604s ]
INFO: [ view_parse ] --END-- [ RunTime:0.011144s ]
INFO: [ view_filter ] --START--
INFO: Run Behavior\WriteHtmlCacheBehavior [ RunTime:0.000353s ]
INFO: [ view_filter ] --END-- [ RunTime:0.000722s ]
INFO: [ app_end ] --START--
INFO: Run Behavior\ShowPageTraceBehavior [ RunTime:0.000555s ]
INFO: [ app_end ] --END-- [ RunTime:0.000916s ]

[ 2017-08-20T11:03:52+08:00 ] 127.0.0.1 /index.php?m=Admin&c=Member&a=mermber_info
INFO: [ app_init ] --START--
INFO: Run Behavior\BuildLiteBehavior [ RunTime:0.000096s ]
INFO: [ app_init ] --END-- [ RunTime:0.000730s ]
INFO: [ app_begin ] --START--
INFO: Run Behavior\ReadHtmlCacheBehavior [ RunTime:0.000502s ]
INFO: [ app_begin ] --END-- [ RunTime:0.000879s ]
SQL: SHOW COLUMNS FROM `cs_merber` [ RunTime:0.0006s ]
SQL: SELECT `cs_merber`.id,`merber_name`,`login_number`,`last_login_ip`,`balance`,`is_login`,`sort` FROM `cs_merber` LEFT JOIN cs_level ON cs_merber.level = cs_level.id  LIMIT 0,3   [ RunTime:0.0003s ]
SQL: SELECT COUNT(*) AS tp_count FROM `cs_merber` WHERE ( is_login=0 ) LIMIT 1   [ RunTime:0.0010s ]
INFO: [ view_parse ] --START--
INFO: [ template_filter ] --START--
INFO: Run Behavior\ContentReplaceBehavior [ RunTime:0.000182s ]
INFO: [ template_filter ] --END-- [ RunTime:0.000556s ]
NOTIC: [8] Use of undefined constant 允许 - assumed '允许' /home/choushan/www/exercise/Application/Runtime/Cache/Admin/9b6726c26765c8504a100b0a0223b3d2.php 第 40 行.
NOTIC: [8] Use of undefined constant 允许 - assumed '允许' /home/choushan/www/exercise/Application/Runtime/Cache/Admin/9b6726c26765c8504a100b0a0223b3d2.php 第 40 行.
NOTIC: [8] Use of undefined constant 允许 - assumed '允许' /home/choushan/www/exercise/Application/Runtime/Cache/Admin/9b6726c26765c8504a100b0a0223b3d2.php 第 40 行.
INFO: Run Behavior\ParseTemplateBehavior [ RunTime:0.009178s ]
INFO: [ view_parse ] --END-- [ RunTime:0.009560s ]
INFO: [ view_filter ] --START--
INFO: Run Behavior\WriteHtmlCacheBehavior [ RunTime:0.000287s ]
INFO: [ view_filter ] --END-- [ RunTime:0.000648s ]
INFO: [ app_end ] --START--
INFO: Run Behavior\ShowPageTraceBehavior [ RunTime:0.000515s ]
INFO: [ app_end ] --END-- [ RunTime:0.000886s ]

[ 2017-08-20T11:03:58+08:00 ] 127.0.0.1 /index.php?m=Admin&c=Member&a=mermber_info
INFO: [ app_init ] --START--
INFO: Run Behavior\BuildLiteBehavior [ RunTime:0.000092s ]
INFO: [ app_init ] --END-- [ RunTime:0.000695s ]
INFO: [ app_begin ] --START--
INFO: Run Behavior\ReadHtmlCacheBehavior [ RunTime:0.000476s ]
INFO: [ app_begin ] --END-- [ RunTime:0.000853s ]
SQL: SHOW COLUMNS FROM `cs_merber` [ RunTime:0.0006s ]
SQL: SELECT `cs_merber`.id,`merber_name`,`login_number`,`last_login_ip`,`balance`,`is_login`,`sort` FROM `cs_merber` LEFT JOIN cs_level ON cs_merber.level = cs_level.id  LIMIT 0,3   [ RunTime:0.0003s ]
SQL: SELECT COUNT(*) AS tp_count FROM `cs_merber` WHERE ( is_login=0 ) LIMIT 1   [ RunTime:0.0003s ]
INFO: [ view_parse ] --START--
INFO: [ template_filter ] --START--
INFO: Run Behavior\ContentReplaceBehavior [ RunTime:0.000183s ]
INFO: [ template_filter ] --END-- [ RunTime:0.000559s ]
NOTIC: [8] Use of undefined constant 允许 - assumed '允许' /home/choushan/www/exercise/Application/Runtime/Cache/Admin/9b6726c26765c8504a100b0a0223b3d2.php 第 40 行.
NOTIC: [8] Use of undefined constant 允许 - assumed '允许' /home/choushan/www/exercise/Application/Runtime/Cache/Admin/9b6726c26765c8504a100b0a0223b3d2.php 第 40 行.
NOTIC: [8] Use of undefined constant 允许 - assumed '允许' /home/choushan/www/exercise/Application/Runtime/Cache/Admin/9b6726c26765c8504a100b0a0223b3d2.php 第 40 行.
INFO: Run Behavior\ParseTemplateBehavior [ RunTime:0.009262s ]
INFO: [ view_parse ] --END-- [ RunTime:0.009649s ]
INFO: [ view_filter ] --START--
INFO: Run Behavior\WriteHtmlCacheBehavior [ RunTime:0.000283s ]
INFO: [ view_filter ] --END-- [ RunTime:0.000644s ]
INFO: [ app_end ] --START--
INFO: Run Behavior\ShowPageTraceBehavior [ RunTime:0.000516s ]
INFO: [ app_end ] --END-- [ RunTime:0.000874s ]

[ 2017-08-20T14:40:42+08:00 ] 127.0.0.1 /
INFO: [ app_init ] --START--
INFO: Run Behavior\BuildLiteBehavior [ RunTime:0.000017s ]
INFO: [ app_init ] --END-- [ RunTime:0.000256s ]
INFO: [ app_begin ] --START--
INFO: Run Behavior\ReadHtmlCacheBehavior [ RunTime:0.000366s ]
INFO: [ app_begin ] --END-- [ RunTime:0.000438s ]
INFO: [ view_parse ] --START--
INFO: [ template_filter ] --START--
INFO: Run Behavior\ContentReplaceBehavior [ RunTime:0.000048s ]
INFO: [ template_filter ] --END-- [ RunTime:0.000122s ]
INFO: Run Behavior\ParseTemplateBehavior [ RunTime:0.004894s ]
INFO: [ view_parse ] --END-- [ RunTime:0.004975s ]
INFO: [ view_filter ] --START--
INFO: Run Behavior\WriteHtmlCacheBehavior [ RunTime:0.000176s ]
INFO: [ view_filter ] --END-- [ RunTime:0.000226s ]
INFO: [ app_end ] --START--
INFO: Run Behavior\ShowPageTraceBehavior [ RunTime:0.000382s ]
INFO: [ app_end ] --END-- [ RunTime:0.000442s ]

[ 2017-08-20T14:40:53+08:00 ] 127.0.0.1 /
INFO: [ app_init ] --START--
INFO: Run Behavior\BuildLiteBehavior [ RunTime:0.000054s ]
INFO: [ app_init ] --END-- [ RunTime:0.000346s ]
INFO: [ app_begin ] --START--
INFO: Run Behavior\ReadHtmlCacheBehavior [ RunTime:0.000281s ]
INFO: [ app_begin ] --END-- [ RunTime:0.000331s ]
ERR: SQLSTATE[HY000] [1045] Access denied for user 'root'@'localhost' (using password: NO)

[ 2017-08-20T14:41:47+08:00 ] 127.0.0.1 /
INFO: [ app_init ] --START--
INFO: Run Behavior\BuildLiteBehavior [ RunTime:0.000027s ]
INFO: [ app_init ] --END-- [ RunTime:0.000420s ]
INFO: [ app_begin ] --START--
INFO: Run Behavior\ReadHtmlCacheBehavior [ RunTime:0.000545s ]
INFO: [ app_begin ] --END-- [ RunTime:0.000643s ]
SQL: SHOW COLUMNS FROM `cs_admin` [ RunTime:0.0013s ]
SQL: SELECT * FROM `cs_admin` WHERE `username` = 'admin' LIMIT 1   [ RunTime:0.0004s ]
SQL: SHOW COLUMNS FROM `cs_permission_list` [ RunTime:0.0011s ]
SQL: SELECT `permissions` FROM `cs_permission_list`  [ RunTime:0.0004s ]
SQL: UPDATE `cs_admin` SET `last_login_time`='2017-08-20 14:41:47',`last_login_ip`='127.0.0.1' WHERE `username` = 'admin' [ RunTime:0.0867s ]

[ 2017-08-20T14:41:47+08:00 ] 127.0.0.1 /index.php?m=Admin&c=Index&a=index
INFO: [ app_init ] --START--
INFO: Run Behavior\BuildLiteBehavior [ RunTime:0.000027s ]
INFO: [ app_init ] --END-- [ RunTime:0.000418s ]
INFO: [ app_begin ] --START--
INFO: Run Behavior\ReadHtmlCacheBehavior [ RunTime:0.000472s ]
INFO: [ app_begin ] --END-- [ RunTime:0.000553s ]
INFO: [ view_parse ] --START--
INFO: [ template_filter ] --START--
INFO: Run Behavior\ContentReplaceBehavior [ RunTime:0.000045s ]
INFO: [ template_filter ] --END-- [ RunTime:0.000117s ]
INFO: Run Behavior\ParseTemplateBehavior [ RunTime:0.003951s ]
INFO: [ view_parse ] --END-- [ RunTime:0.004003s ]
INFO: [ view_filter ] --START--
INFO: Run Behavior\WriteHtmlCacheBehavior [ RunTime:0.000135s ]
INFO: [ view_filter ] --END-- [ RunTime:0.000174s ]
INFO: [ app_end ] --START--
INFO: Run Behavior\ShowPageTraceBehavior [ RunTime:0.000357s ]
INFO: [ app_end ] --END-- [ RunTime:0.000397s ]

[ 2017-08-20T14:41:47+08:00 ] 127.0.0.1 /index.php?m=Admin&c=Index&a=top
INFO: [ app_init ] --START--
INFO: Run Behavior\BuildLiteBehavior [ RunTime:0.000046s ]
INFO: [ app_init ] --END-- [ RunTime:0.000477s ]
INFO: [ app_begin ] --START--
INFO: Run Behavior\ReadHtmlCacheBehavior [ RunTime:0.000556s ]
INFO: [ app_begin ] --END-- [ RunTime:0.000667s ]
SQL: SHOW COLUMNS FROM `cs_admin` [ RunTime:0.0009s ]
SQL: SELECT `headimg` FROM `cs_admin` WHERE `username` = 'admin' LIMIT 1   [ RunTime:0.0006s ]
INFO: [ view_parse ] --START--
INFO: [ template_filter ] --START--
INFO: Run Behavior\ContentReplaceBehavior [ RunTime:0.000039s ]
INFO: [ template_filter ] --END-- [ RunTime:0.000100s ]
INFO: Run Behavior\ParseTemplateBehavior [ RunTime:0.004801s ]
INFO: [ view_parse ] --END-- [ RunTime:0.004869s ]
INFO: [ view_filter ] --START--
INFO: Run Behavior\WriteHtmlCacheBehavior [ RunTime:0.000128s ]
INFO: [ view_filter ] --END-- [ RunTime:0.000172s ]
INFO: [ app_end ] --START--
INFO: Run Behavior\ShowPageTraceBehavior [ RunTime:0.000514s ]
INFO: [ app_end ] --END-- [ RunTime:0.000582s ]

[ 2017-08-20T14:41:47+08:00 ] 127.0.0.1 /index.php?m=Admin&c=Index&a=left
INFO: [ app_init ] --START--
INFO: Run Behavior\BuildLiteBehavior [ RunTime:0.000026s ]
INFO: [ app_init ] --END-- [ RunTime:0.000373s ]
INFO: [ app_begin ] --START--
INFO: Run Behavior\ReadHtmlCacheBehavior [ RunTime:0.000435s ]
INFO: [ app_begin ] --END-- [ RunTime:0.000514s ]
INFO: [ view_parse ] --START--
INFO: [ template_filter ] --START--
INFO: Run Behavior\ContentReplaceBehavior [ RunTime:0.000058s ]
INFO: [ template_filter ] --END-- [ RunTime:0.000153s ]
INFO: Run Behavior\ParseTemplateBehavior [ RunTime:0.008519s ]
INFO: [ view_parse ] --END-- [ RunTime:0.008631s ]
INFO: [ view_filter ] --START--
INFO: Run Behavior\WriteHtmlCacheBehavior [ RunTime:0.000227s ]
INFO: [ view_filter ] --END-- [ RunTime:0.000298s ]
INFO: [ app_end ] --START--
INFO: Run Behavior\ShowPageTraceBehavior [ RunTime:0.000499s ]
INFO: [ app_end ] --END-- [ RunTime:0.000574s ]

[ 2017-08-20T14:41:47+08:00 ] 127.0.0.1 /index.php?m=Admin&c=Index&a=main
INFO: [ app_init ] --START--
INFO: Run Behavior\BuildLiteBehavior [ RunTime:0.000019s ]
INFO: [ app_init ] --END-- [ RunTime:0.000276s ]
INFO: [ app_begin ] --START--
INFO: Run Behavior\ReadHtmlCacheBehavior [ RunTime:0.000311s ]
INFO: [ app_begin ] --END-- [ RunTime:0.000361s ]
INFO: [ view_parse ] --START--
INFO: [ template_filter ] --START--
INFO: Run Behavior\ContentReplaceBehavior [ RunTime:0.000036s ]
INFO: [ template_filter ] --END-- [ RunTime:0.000102s ]
INFO: Run Behavior\ParseTemplateBehavior [ RunTime:0.003966s ]
INFO: [ view_parse ] --END-- [ RunTime:0.004014s ]
INFO: [ view_filter ] --START--
INFO: Run Behavior\WriteHtmlCacheBehavior [ RunTime:0.000114s ]
INFO: [ view_filter ] --END-- [ RunTime:0.000157s ]
INFO: [ app_end ] --START--
INFO: Run Behavior\ShowPageTraceBehavior [ RunTime:0.000319s ]
INFO: [ app_end ] --END-- [ RunTime:0.000364s ]

[ 2017-08-20T14:41:56+08:00 ] 127.0.0.1 /index.php?m=Admin&c=Good&a=goodslist
INFO: [ app_init ] --START--
INFO: Run Behavior\BuildLiteBehavior [ RunTime:0.000022s ]
INFO: [ app_init ] --END-- [ RunTime:0.000341s ]
INFO: [ app_begin ] --START--
INFO: Run Behavior\ReadHtmlCacheBehavior [ RunTime:0.000387s ]
INFO: [ app_begin ] --END-- [ RunTime:0.000456s ]
SQL: SHOW COLUMNS FROM `cs_provinces` [ RunTime:0.0022s ]
SQL: SELECT * FROM `cs_provinces`  [ RunTime:0.0006s ]
INFO: [ view_parse ] --START--
INFO: [ template_filter ] --START--
INFO: Run Behavior\ContentReplaceBehavior [ RunTime:0.000033s ]
INFO: [ template_filter ] --END-- [ RunTime:0.000084s ]
INFO: Run Behavior\ParseTemplateBehavior [ RunTime:0.003615s ]
INFO: [ view_parse ] --END-- [ RunTime:0.003663s ]
INFO: [ view_filter ] --START--
INFO: Run Behavior\WriteHtmlCacheBehavior [ RunTime:0.000096s ]
INFO: [ view_filter ] --END-- [ RunTime:0.000133s ]
INFO: [ app_end ] --START--
INFO: Run Behavior\ShowPageTraceBehavior [ RunTime:0.000321s ]
INFO: [ app_end ] --END-- [ RunTime:0.000359s ]

[ 2017-08-20T14:42:01+08:00 ] 127.0.0.1 /index.php?m=Admin&c=Good&a=goodslist
INFO: [ app_init ] --START--
INFO: Run Behavior\BuildLiteBehavior [ RunTime:0.000017s ]
INFO: [ app_init ] --END-- [ RunTime:0.000252s ]
INFO: [ app_begin ] --START--
INFO: Run Behavior\ReadHtmlCacheBehavior [ RunTime:0.000319s ]
INFO: [ app_begin ] --END-- [ RunTime:0.000364s ]
SQL: SHOW COLUMNS FROM `cs_cities` [ RunTime:0.0016s ]
SQL: SELECT * FROM `cs_cities` WHERE `provinceid` = '310000'  [ RunTime:0.0006s ]
INFO: [ app_end ] --START--
INFO: Run Behavior\ShowPageTraceBehavior [ RunTime:0.000383s ]
INFO: [ app_end ] --END-- [ RunTime:0.000427s ]

[ 2017-08-20T14:42:08+08:00 ] 127.0.0.1 /index.php?m=Admin&c=Good&a=goodslist
INFO: [ app_init ] --START--
INFO: Run Behavior\BuildLiteBehavior [ RunTime:0.000024s ]
INFO: [ app_init ] --END-- [ RunTime:0.000359s ]
INFO: [ app_begin ] --START--
INFO: Run Behavior\ReadHtmlCacheBehavior [ RunTime:0.000487s ]
INFO: [ app_begin ] --END-- [ RunTime:0.000557s ]
SQL: SHOW COLUMNS FROM `cs_cities` [ RunTime:0.0016s ]
SQL: SELECT * FROM `cs_cities` WHERE `provinceid` = '330000'  [ RunTime:0.0007s ]
INFO: [ app_end ] --START--
INFO: Run Behavior\ShowPageTraceBehavior [ RunTime:0.000691s ]
INFO: [ app_end ] --END-- [ RunTime:0.000747s ]

