[ 2017-07-19T09:33:01+08:00 ] 127.0.0.1 /cgi/reccom?id=85703E5F21E4DBE1F548DF5D2C9D8E1D32712250E5CED4F347B3D348F1DD842F
INFO: [ app_init ] --START--
INFO: Run Behavior\BuildLiteBehavior [ RunTime:0.000098s ]
INFO: [ app_init ] --END-- [ RunTime:0.001291s ]
INFO: [ app_begin ] --START--
INFO: Run Behavior\ReadHtmlCacheBehavior [ RunTime:0.001793s ]
INFO: [ app_begin ] --END-- [ RunTime:0.002414s ]
INFO: [ view_parse ] --START--
INFO: [ template_filter ] --START--
INFO: Run Behavior\ContentReplaceBehavior [ RunTime:0.000193s ]
INFO: [ template_filter ] --END-- [ RunTime:0.000588s ]
INFO: Run Behavior\ParseTemplateBehavior [ RunTime:0.012179s ]
INFO: [ view_parse ] --END-- [ RunTime:0.012645s ]
INFO: [ view_filter ] --START--
INFO: Run Behavior\WriteHtmlCacheBehavior [ RunTime:0.000484s ]
INFO: [ view_filter ] --END-- [ RunTime:0.000840s ]
INFO: [ app_end ] --START--
INFO: Run Behavior\ShowPageTraceBehavior [ RunTime:0.000891s ]
INFO: [ app_end ] --END-- [ RunTime:0.001291s ]

[ 2017-07-19T09:33:10+08:00 ] 127.0.0.1 /search.xml
INFO: [ app_init ] --START--
INFO: Run Behavior\BuildLiteBehavior [ RunTime:0.000156s ]
INFO: [ app_init ] --END-- [ RunTime:0.001333s ]
INFO: [ app_begin ] --START--
INFO: Run Behavior\ReadHtmlCacheBehavior [ RunTime:0.000910s ]
INFO: [ app_begin ] --END-- [ RunTime:0.001690s ]
INFO: [ view_parse ] --START--
INFO: [ template_filter ] --START--
INFO: Run Behavior\ContentReplaceBehavior [ RunTime:0.000357s ]
INFO: [ template_filter ] --END-- [ RunTime:0.001031s ]
INFO: Run Behavior\ParseTemplateBehavior [ RunTime:0.016172s ]
INFO: [ view_parse ] --END-- [ RunTime:0.017001s ]
INFO: [ view_filter ] --START--
INFO: Run Behavior\WriteHtmlCacheBehavior [ RunTime:0.000549s ]
INFO: [ view_filter ] --END-- [ RunTime:0.001169s ]
INFO: [ app_end ] --START--
INFO: Run Behavior\ShowPageTraceBehavior [ RunTime:0.000930s ]
INFO: [ app_end ] --END-- [ RunTime:0.001711s ]

